Java HotSpot(TM) 64-Bit Server VM (25.92-b14) for bsd-amd64 JRE (1.8.0_92-b14), built on Mar 31 2016 21:23:14 by "java_re" with gcc 4.2.1 (Based on Apple Inc. build 5658) (LLVM build 2336.11.00)
Memory: 4k page, physical 16777216k(866752k free)

/proc/meminfo:

CommandLine flags: -XX:CMSInitiatingOccupancyFraction=50 -XX:CMSMaxAbortablePrecleanTime=6000 -XX:+CMSParallelRemarkEnabled -XX:+CMSScavengeBeforeRemark -XX:ConcGCThreads=4 -XX:InitialHeapSize=536870912 -XX:MaxHeapSize=536870912 -XX:MaxTenuringThreshold=8 -XX:NewRatio=3 -XX:OldPLABSize=16 -XX:OnOutOfMemoryError=/Users/pparthasarathy/solr-6.2.1/bin/oom_solr.sh 8983 /Users/pparthasarathy/solr-6.2.1/server/logs -XX:ParallelGCThreads=4 -XX:+ParallelRefProcEnabled -XX:PretenureSizeThreshold=67108864 -XX:+PrintGC -XX:+PrintGCApplicationStoppedTime -XX:+PrintGCDateStamps -XX:+PrintGCDetails -XX:+PrintGCTimeStamps -XX:+PrintHeapAtGC -XX:+PrintTenuringDistribution -XX:SurvivorRatio=4 -XX:TargetSurvivorRatio=90 -XX:ThreadStackSize=256 -XX:+UseCMSInitiatingOccupancyOnly -XX:+UseCompressedClassPointers -XX:+UseCompressedOops -XX:+UseConcMarkSweepGC -XX:+UseParNewGC 
2016-10-23T22:36:46.305+0800: 0.124: Total time for which application threads were stopped: 0.0000797 seconds, Stopping threads took: 0.0000157 seconds
2016-10-23T22:36:46.354+0800: 0.173: Total time for which application threads were stopped: 0.0001305 seconds, Stopping threads took: 0.0000144 seconds
2016-10-23T22:36:46.472+0800: 0.292: Total time for which application threads were stopped: 0.0001512 seconds, Stopping threads took: 0.0000127 seconds
2016-10-23T22:36:46.596+0800: 0.416: Total time for which application threads were stopped: 0.0001383 seconds, Stopping threads took: 0.0000111 seconds
2016-10-23T22:36:46.639+0800: 0.458: Total time for which application threads were stopped: 0.0001633 seconds, Stopping threads took: 0.0000150 seconds
2016-10-23T22:36:46.649+0800: 0.468: Total time for which application threads were stopped: 0.0001736 seconds, Stopping threads took: 0.0000156 seconds
2016-10-23T22:36:46.788+0800: 0.607: Total time for which application threads were stopped: 0.0002166 seconds, Stopping threads took: 0.0000154 seconds
2016-10-23T22:36:46.926+0800: 0.745: Total time for which application threads were stopped: 0.0002241 seconds, Stopping threads took: 0.0000142 seconds
2016-10-23T22:36:46.927+0800: 0.746: Total time for which application threads were stopped: 0.0000968 seconds, Stopping threads took: 0.0000081 seconds
2016-10-23T22:36:46.929+0800: 0.749: Total time for which application threads were stopped: 0.0001362 seconds, Stopping threads took: 0.0000222 seconds
2016-10-23T22:36:46.937+0800: 0.756: Total time for which application threads were stopped: 0.0001354 seconds, Stopping threads took: 0.0000103 seconds
2016-10-23T22:36:47.940+0800: 1.760: Total time for which application threads were stopped: 0.0002966 seconds, Stopping threads took: 0.0000942 seconds
2016-10-23T22:36:50.278+0800: 4.097: Total time for which application threads were stopped: 0.0003378 seconds, Stopping threads took: 0.0000289 seconds
2016-10-23T22:36:50.379+0800: 4.198: Total time for which application threads were stopped: 0.0001201 seconds, Stopping threads took: 0.0000194 seconds
2016-10-23T22:36:50.379+0800: 4.198: Total time for which application threads were stopped: 0.0000816 seconds, Stopping threads took: 0.0000416 seconds
2016-10-23T22:36:50.379+0800: 4.199: Total time for which application threads were stopped: 0.0000438 seconds, Stopping threads took: 0.0000116 seconds
2016-10-23T22:36:50.380+0800: 4.199: Total time for which application threads were stopped: 0.0000693 seconds, Stopping threads took: 0.0000203 seconds
2016-10-23T22:36:50.380+0800: 4.200: Total time for which application threads were stopped: 0.0000403 seconds, Stopping threads took: 0.0000091 seconds
2016-10-23T22:36:50.380+0800: 4.200: Total time for which application threads were stopped: 0.0000918 seconds, Stopping threads took: 0.0000414 seconds
{Heap before GC invocations=0 (full 0):
 par new generation   total 109248K, used 87424K [0x00000007a0000000, 0x00000007a8000000, 0x00000007a8000000)
  eden space 87424K, 100% used [0x00000007a0000000, 0x00000007a5560000, 0x00000007a5560000)
  from space 21824K,   0% used [0x00000007a5560000, 0x00000007a5560000, 0x00000007a6ab0000)
  to   space 21824K,   0% used [0x00000007a6ab0000, 0x00000007a6ab0000, 0x00000007a8000000)
 concurrent mark-sweep generation total 393216K, used 0K [0x00000007a8000000, 0x00000007c0000000, 0x00000007c0000000)
 Metaspace       used 17524K, capacity 17784K, committed 18048K, reserved 1064960K
  class space    used 2071K, capacity 2163K, committed 2176K, reserved 1048576K
2016-10-23T22:36:50.381+0800: 4.201: [GC (Allocation Failure) 2016-10-23T22:36:50.381+0800: 4.201: [ParNew
Desired survivor size 20112992 bytes, new threshold 8 (max 8)
- age   1:   10225544 bytes,   10225544 total
: 87424K->10081K(109248K), 0.0091088 secs] 87424K->10081K(502464K), 0.0091665 secs] [Times: user=0.02 sys=0.01, real=0.01 secs] 
Heap after GC invocations=1 (full 0):
 par new generation   total 109248K, used 10081K [0x00000007a0000000, 0x00000007a8000000, 0x00000007a8000000)
  eden space 87424K,   0% used [0x00000007a0000000, 0x00000007a0000000, 0x00000007a5560000)
  from space 21824K,  46% used [0x00000007a6ab0000, 0x00000007a7488418, 0x00000007a8000000)
  to   space 21824K,   0% used [0x00000007a5560000, 0x00000007a5560000, 0x00000007a6ab0000)
 concurrent mark-sweep generation total 393216K, used 0K [0x00000007a8000000, 0x00000007c0000000, 0x00000007c0000000)
 Metaspace       used 17524K, capacity 17784K, committed 18048K, reserved 1064960K
  class space    used 2071K, capacity 2163K, committed 2176K, reserved 1048576K
}
2016-10-23T22:36:50.390+0800: 4.210: Total time for which application threads were stopped: 0.0093377 seconds, Stopping threads took: 0.0000228 seconds
2016-10-23T22:36:50.391+0800: 4.210: Total time for which application threads were stopped: 0.0000930 seconds, Stopping threads took: 0.0000423 seconds
2016-10-23T22:36:50.394+0800: 4.213: Total time for which application threads were stopped: 0.0000886 seconds, Stopping threads took: 0.0000376 seconds
2016-10-23T22:36:50.394+0800: 4.213: Total time for which application threads were stopped: 0.0000778 seconds, Stopping threads took: 0.0000469 seconds
2016-10-23T22:36:50.394+0800: 4.214: Total time for which application threads were stopped: 0.0000902 seconds, Stopping threads took: 0.0000434 seconds
2016-10-23T22:36:50.397+0800: 4.216: Total time for which application threads were stopped: 0.0000946 seconds, Stopping threads took: 0.0000381 seconds
2016-10-23T22:36:50.397+0800: 4.217: Total time for which application threads were stopped: 0.0001067 seconds, Stopping threads took: 0.0000214 seconds
2016-10-23T22:36:50.397+0800: 4.217: Total time for which application threads were stopped: 0.0000720 seconds, Stopping threads took: 0.0000241 seconds
2016-10-23T22:36:50.398+0800: 4.217: Total time for which application threads were stopped: 0.0001182 seconds, Stopping threads took: 0.0000395 seconds
2016-10-23T22:36:50.398+0800: 4.218: Total time for which application threads were stopped: 0.0000757 seconds, Stopping threads took: 0.0000411 seconds
2016-10-23T22:36:50.400+0800: 4.220: Total time for which application threads were stopped: 0.0001001 seconds, Stopping threads took: 0.0000470 seconds
2016-10-23T22:36:50.401+0800: 4.220: Total time for which application threads were stopped: 0.0000623 seconds, Stopping threads took: 0.0000256 seconds
2016-10-23T22:36:50.401+0800: 4.220: Total time for which application threads were stopped: 0.0000864 seconds, Stopping threads took: 0.0000340 seconds
2016-10-23T22:36:50.401+0800: 4.220: Total time for which application threads were stopped: 0.0000692 seconds, Stopping threads took: 0.0000244 seconds
2016-10-23T22:36:50.401+0800: 4.221: Total time for which application threads were stopped: 0.0000719 seconds, Stopping threads took: 0.0000299 seconds
2016-10-23T22:36:50.402+0800: 4.222: Total time for which application threads were stopped: 0.0000758 seconds, Stopping threads took: 0.0000354 seconds
2016-10-23T22:36:50.403+0800: 4.222: Total time for which application threads were stopped: 0.0000682 seconds, Stopping threads took: 0.0000289 seconds
2016-10-23T22:36:50.403+0800: 4.223: Total time for which application threads were stopped: 0.0000789 seconds, Stopping threads took: 0.0000236 seconds
2016-10-23T22:36:50.406+0800: 4.226: Total time for which application threads were stopped: 0.0001031 seconds, Stopping threads took: 0.0000374 seconds
2016-10-23T22:36:50.409+0800: 4.228: Total time for which application threads were stopped: 0.0002786 seconds, Stopping threads took: 0.0000597 seconds
2016-10-23T22:36:50.411+0800: 4.230: Total time for which application threads were stopped: 0.0002221 seconds, Stopping threads took: 0.0000111 seconds
2016-10-23T22:36:50.413+0800: 4.233: Total time for which application threads were stopped: 0.0000795 seconds, Stopping threads took: 0.0000351 seconds
2016-10-23T22:36:50.419+0800: 4.238: Total time for which application threads were stopped: 0.0000740 seconds, Stopping threads took: 0.0000275 seconds
2016-10-23T22:36:50.420+0800: 4.239: Total time for which application threads were stopped: 0.0001532 seconds, Stopping threads took: 0.0000349 seconds
2016-10-23T22:36:50.420+0800: 4.240: Total time for which application threads were stopped: 0.0000754 seconds, Stopping threads took: 0.0000352 seconds
2016-10-23T22:36:50.421+0800: 4.241: Total time for which application threads were stopped: 0.0000599 seconds, Stopping threads took: 0.0000195 seconds
2016-10-23T22:36:50.422+0800: 4.241: Total time for which application threads were stopped: 0.0000598 seconds, Stopping threads took: 0.0000234 seconds
2016-10-23T22:36:50.426+0800: 4.245: Total time for which application threads were stopped: 0.0000867 seconds, Stopping threads took: 0.0000446 seconds
2016-10-23T22:36:50.442+0800: 4.262: Total time for which application threads were stopped: 0.0002990 seconds, Stopping threads took: 0.0000231 seconds
2016-10-23T22:36:51.445+0800: 5.265: Total time for which application threads were stopped: 0.0001440 seconds, Stopping threads took: 0.0000322 seconds
2016-10-23T22:37:04.683+0800: 18.503: Total time for which application threads were stopped: 0.0001422 seconds, Stopping threads took: 0.0000676 seconds
2016-10-23T22:37:04.686+0800: 18.506: Total time for which application threads were stopped: 0.0001247 seconds, Stopping threads took: 0.0000609 seconds
2016-10-23T22:37:05.690+0800: 19.510: Total time for which application threads were stopped: 0.0001115 seconds, Stopping threads took: 0.0000299 seconds
2016-10-23T22:37:07.581+0800: 21.401: Total time for which application threads were stopped: 0.0001424 seconds, Stopping threads took: 0.0000905 seconds
2016-10-23T22:37:11.589+0800: 25.409: Total time for which application threads were stopped: 0.0002095 seconds, Stopping threads took: 0.0000584 seconds
2016-10-23T22:37:17.601+0800: 31.421: Total time for which application threads were stopped: 0.0000735 seconds, Stopping threads took: 0.0000218 seconds
2016-10-23T22:37:19.574+0800: 33.394: Total time for which application threads were stopped: 0.0000853 seconds, Stopping threads took: 0.0000255 seconds
2016-10-23T22:37:19.580+0800: 33.401: Total time for which application threads were stopped: 0.0006984 seconds, Stopping threads took: 0.0006081 seconds
2016-10-23T22:37:19.581+0800: 33.401: Total time for which application threads were stopped: 0.0001130 seconds, Stopping threads took: 0.0000501 seconds
2016-10-23T22:37:19.604+0800: 33.425: Total time for which application threads were stopped: 0.0000988 seconds, Stopping threads took: 0.0000217 seconds
2016-10-23T22:37:19.605+0800: 33.425: Total time for which application threads were stopped: 0.0000521 seconds, Stopping threads took: 0.0000074 seconds
2016-10-23T22:37:19.605+0800: 33.426: Total time for which application threads were stopped: 0.0000925 seconds, Stopping threads took: 0.0000573 seconds
2016-10-23T22:37:19.611+0800: 33.432: Total time for which application threads were stopped: 0.0000858 seconds, Stopping threads took: 0.0000149 seconds
2016-10-23T22:37:19.624+0800: 33.445: Total time for which application threads were stopped: 0.0002277 seconds, Stopping threads took: 0.0000118 seconds
2016-10-23T22:37:19.625+0800: 33.446: Total time for which application threads were stopped: 0.0000636 seconds, Stopping threads took: 0.0000208 seconds
2016-10-23T22:37:19.625+0800: 33.446: Total time for which application threads were stopped: 0.0000629 seconds, Stopping threads took: 0.0000191 seconds
2016-10-23T22:37:19.632+0800: 33.453: Total time for which application threads were stopped: 0.0000690 seconds, Stopping threads took: 0.0000192 seconds
2016-10-23T22:37:19.632+0800: 33.453: Total time for which application threads were stopped: 0.0000704 seconds, Stopping threads took: 0.0000154 seconds
2016-10-23T22:37:19.633+0800: 33.453: Total time for which application threads were stopped: 0.0000439 seconds, Stopping threads took: 0.0000079 seconds
2016-10-23T22:37:19.633+0800: 33.453: Total time for which application threads were stopped: 0.0000596 seconds, Stopping threads took: 0.0000077 seconds
2016-10-23T22:37:19.651+0800: 33.472: Total time for which application threads were stopped: 0.0001360 seconds, Stopping threads took: 0.0000501 seconds
2016-10-23T22:37:19.652+0800: 33.472: Total time for which application threads were stopped: 0.0000490 seconds, Stopping threads took: 0.0000128 seconds
2016-10-23T22:37:19.652+0800: 33.472: Total time for which application threads were stopped: 0.0000484 seconds, Stopping threads took: 0.0000096 seconds
2016-10-23T22:37:19.652+0800: 33.473: Total time for which application threads were stopped: 0.0000477 seconds, Stopping threads took: 0.0000099 seconds
2016-10-23T22:37:19.652+0800: 33.473: Total time for which application threads were stopped: 0.0000491 seconds, Stopping threads took: 0.0000141 seconds
2016-10-23T22:37:19.652+0800: 33.473: Total time for which application threads were stopped: 0.0000590 seconds, Stopping threads took: 0.0000190 seconds
2016-10-23T22:37:19.653+0800: 33.473: Total time for which application threads were stopped: 0.0000372 seconds, Stopping threads took: 0.0000083 seconds
2016-10-23T22:37:19.653+0800: 33.473: Total time for which application threads were stopped: 0.0000316 seconds, Stopping threads took: 0.0000064 seconds
2016-10-23T22:37:19.653+0800: 33.473: Total time for which application threads were stopped: 0.0000309 seconds, Stopping threads took: 0.0000066 seconds
2016-10-23T22:37:19.653+0800: 33.473: Total time for which application threads were stopped: 0.0000301 seconds, Stopping threads took: 0.0000065 seconds
2016-10-23T22:37:19.653+0800: 33.474: Total time for which application threads were stopped: 0.0000298 seconds, Stopping threads took: 0.0000063 seconds
2016-10-23T22:37:19.653+0800: 33.474: Total time for which application threads were stopped: 0.0000288 seconds, Stopping threads took: 0.0000064 seconds
2016-10-23T22:37:19.653+0800: 33.474: Total time for which application threads were stopped: 0.0000286 seconds, Stopping threads took: 0.0000063 seconds
2016-10-23T22:37:19.653+0800: 33.474: Total time for which application threads were stopped: 0.0000297 seconds, Stopping threads took: 0.0000064 seconds
2016-10-23T22:37:19.654+0800: 33.474: Total time for which application threads were stopped: 0.0000591 seconds, Stopping threads took: 0.0000188 seconds
2016-10-23T22:37:19.654+0800: 33.474: Total time for which application threads were stopped: 0.0000541 seconds, Stopping threads took: 0.0000185 seconds
2016-10-23T22:37:19.658+0800: 33.478: Total time for which application threads were stopped: 0.0000576 seconds, Stopping threads took: 0.0000125 seconds
2016-10-23T22:37:19.658+0800: 33.479: Total time for which application threads were stopped: 0.0000525 seconds, Stopping threads took: 0.0000190 seconds
2016-10-23T22:37:19.663+0800: 33.484: Total time for which application threads were stopped: 0.0001039 seconds, Stopping threads took: 0.0000490 seconds
2016-10-23T22:37:19.663+0800: 33.484: Total time for which application threads were stopped: 0.0001054 seconds, Stopping threads took: 0.0000691 seconds
2016-10-23T22:37:20.664+0800: 34.485: Total time for which application threads were stopped: 0.0001224 seconds, Stopping threads took: 0.0000327 seconds
2016-10-23T22:37:29.022+0800: 42.842: Total time for which application threads were stopped: 0.0001106 seconds, Stopping threads took: 0.0000313 seconds
2016-10-23T22:37:29.023+0800: 42.844: Total time for which application threads were stopped: 0.0000726 seconds, Stopping threads took: 0.0000366 seconds
2016-10-23T22:37:29.027+0800: 42.848: Total time for which application threads were stopped: 0.0000563 seconds, Stopping threads took: 0.0000118 seconds
2016-10-23T22:37:29.027+0800: 42.848: Total time for which application threads were stopped: 0.0000260 seconds, Stopping threads took: 0.0000051 seconds
2016-10-23T22:37:29.029+0800: 42.849: Total time for which application threads were stopped: 0.0000411 seconds, Stopping threads took: 0.0000086 seconds
2016-10-23T22:37:29.029+0800: 42.850: Total time for which application threads were stopped: 0.0000549 seconds, Stopping threads took: 0.0000233 seconds
Heap
 par new generation   total 109248K, used 44536K [0x00000007a0000000, 0x00000007a8000000, 0x00000007a8000000)
  eden space 87424K,  39% used [0x00000007a0000000, 0x00000007a21a5df0, 0x00000007a5560000)
  from space 21824K,  46% used [0x00000007a6ab0000, 0x00000007a7488418, 0x00000007a8000000)
  to   space 21824K,   0% used [0x00000007a5560000, 0x00000007a5560000, 0x00000007a6ab0000)
 concurrent mark-sweep generation total 393216K, used 0K [0x00000007a8000000, 0x00000007c0000000, 0x00000007c0000000)
 Metaspace       used 20147K, capacity 20456K, committed 20736K, reserved 1067008K
  class space    used 2373K, capacity 2475K, committed 2560K, reserved 1048576K
