2016-10-24 05:36:46.462 INFO  (main) [   ] o.e.j.u.log Logging initialized @279ms
2016-10-24 05:36:46.590 INFO  (main) [   ] o.e.j.s.Server jetty-9.3.8.v20160314
2016-10-24 05:36:46.602 INFO  (main) [   ] o.e.j.d.p.ScanningAppProvider Deployment monitor [file:///Users/pparthasarathy/solr-6.2.1/server/contexts/] at interval 0
2016-10-24 05:36:46.789 INFO  (main) [   ] o.e.j.w.StandardDescriptorProcessor NO JSP Support for /solr, did not find org.apache.jasper.servlet.JspServlet
2016-10-24 05:36:46.797 WARN  (main) [   ] o.e.j.s.SecurityHandler ServletContext@o.e.j.w.WebAppContext@71423665{/solr,file:///Users/pparthasarathy/solr-6.2.1/server/solr-webapp/webapp/,STARTING}{/Users/pparthasarathy/solr-6.2.1/server/solr-webapp/webapp} has uncovered http methods for path: /
2016-10-24 05:36:46.804 INFO  (main) [   ] o.a.s.s.SolrDispatchFilter SolrDispatchFilter.init(): WebAppClassLoader=1519280649@5a8e6209
2016-10-24 05:36:46.816 INFO  (main) [   ] o.a.s.c.SolrResourceLoader JNDI not configured for solr (NoInitialContextEx)
2016-10-24 05:36:46.816 INFO  (main) [   ] o.a.s.c.SolrResourceLoader using system property solr.solr.home: /Users/pparthasarathy/solr-6.2.1/server/solr
2016-10-24 05:36:46.816 INFO  (main) [   ] o.a.s.c.SolrResourceLoader new SolrResourceLoader for directory: '/Users/pparthasarathy/solr-6.2.1/server/solr'
2016-10-24 05:36:46.817 INFO  (main) [   ] o.a.s.c.SolrResourceLoader JNDI not configured for solr (NoInitialContextEx)
2016-10-24 05:36:46.817 INFO  (main) [   ] o.a.s.c.SolrResourceLoader using system property solr.solr.home: /Users/pparthasarathy/solr-6.2.1/server/solr
2016-10-24 05:36:46.821 INFO  (main) [   ] o.a.s.c.SolrXmlConfig Loading container configuration from /Users/pparthasarathy/solr-6.2.1/server/solr/solr.xml
2016-10-24 05:36:46.883 INFO  (main) [   ] o.a.s.c.CorePropertiesLocator Config-defined core root directory: /Users/pparthasarathy/solr-6.2.1/server/solr
2016-10-24 05:36:46.902 INFO  (main) [   ] o.a.s.c.CoreContainer New CoreContainer 364604394
2016-10-24 05:36:46.903 INFO  (main) [   ] o.a.s.c.CoreContainer Loading cores into CoreContainer [instanceDir=/Users/pparthasarathy/solr-6.2.1/server/solr]
2016-10-24 05:36:46.903 WARN  (main) [   ] o.a.s.c.CoreContainer Couldn't add files from /Users/pparthasarathy/solr-6.2.1/server/solr/lib to classpath: /Users/pparthasarathy/solr-6.2.1/server/solr/lib
2016-10-24 05:36:46.912 INFO  (main) [   ] o.a.s.h.c.HttpShardHandlerFactory created with socketTimeout : 600000,connTimeout : 60000,maxConnectionsPerHost : 20,maxConnections : 10000,corePoolSize : 0,maximumPoolSize : 2147483647,maxThreadIdleTime : 5,sizeOfQueue : -1,fairnessPolicy : false,useRetries : false,connectionsEvictorSleepDelay : 5000,maxConnectionIdleTime : 40000,
2016-10-24 05:36:47.063 INFO  (main) [   ] o.a.s.u.UpdateShardHandler Creating UpdateShardHandler HTTP client with params: socketTimeout=600000&connTimeout=60000&retry=true
2016-10-24 05:36:47.065 INFO  (main) [   ] o.a.s.l.LogWatcher SLF4J impl is org.slf4j.impl.Log4jLoggerFactory
2016-10-24 05:36:47.066 INFO  (main) [   ] o.a.s.l.LogWatcher Registering Log Listener [Log4j (org.slf4j.impl.Log4jLoggerFactory)]
2016-10-24 05:36:47.068 INFO  (main) [   ] o.a.s.c.CoreContainer Security conf doesn't exist. Skipping setup for authorization module.
2016-10-24 05:36:47.068 INFO  (main) [   ] o.a.s.c.CoreContainer No authentication plugin used.
2016-10-24 05:36:47.103 INFO  (main) [   ] o.a.s.c.CorePropertiesLocator Looking for core definitions underneath /Users/pparthasarathy/solr-6.2.1/server/solr
2016-10-24 05:36:47.110 INFO  (main) [   ] o.a.s.c.CorePropertiesLocator Found 0 core definitions
2016-10-24 05:36:47.114 INFO  (main) [   ] o.a.s.s.SolrDispatchFilter user.dir=/Users/pparthasarathy/solr-6.2.1/server
2016-10-24 05:36:47.114 INFO  (main) [   ] o.a.s.s.SolrDispatchFilter SolrDispatchFilter.init() done
2016-10-24 05:36:47.122 INFO  (main) [   ] o.e.j.s.h.ContextHandler Started o.e.j.w.WebAppContext@71423665{/solr,file:///Users/pparthasarathy/solr-6.2.1/server/solr-webapp/webapp/,AVAILABLE}{/Users/pparthasarathy/solr-6.2.1/server/solr-webapp/webapp}
2016-10-24 05:36:47.134 INFO  (main) [   ] o.e.j.s.ServerConnector Started ServerConnector@44c03695{HTTP/1.1,[http/1.1]}{0.0.0.0:8983}
2016-10-24 05:36:47.134 INFO  (main) [   ] o.e.j.s.Server Started @953ms
2016-10-24 05:37:19.602 INFO  (qtp1791930789-31) [   ] o.a.s.s.HttpSolrCall [admin] webapp=null path=/admin/cores params={indexInfo=false&wt=json&_=1477287439481} status=0 QTime=36
2016-10-24 05:37:19.632 INFO  (qtp1791930789-19) [   ] o.a.s.s.HttpSolrCall [admin] webapp=null path=/admin/info/system params={wt=json&_=1477287439482} status=0 QTime=65
2016-10-24 05:37:19.664 INFO  (qtp1791930789-17) [   ] o.a.s.s.HttpSolrCall [admin] webapp=null path=/admin/info/system params={wt=json&_=1477287439482} status=0 QTime=12
2016-10-24 05:37:29.023 INFO  (ShutdownMonitor) [   ] o.e.j.s.ServerConnector Stopped ServerConnector@44c03695{HTTP/1.1,[http/1.1]}{0.0.0.0:8983}
2016-10-24 05:37:29.024 INFO  (ShutdownMonitor) [   ] o.a.s.c.CoreContainer Shutting down CoreContainer instance=364604394
2016-10-24 05:37:29.029 INFO  (ShutdownMonitor) [   ] o.e.j.s.h.ContextHandler Stopped o.e.j.w.WebAppContext@71423665{/solr,null,UNAVAILABLE}{/Users/pparthasarathy/solr-6.2.1/server/solr-webapp/webapp}
2016-10-24 05:37:29.030 WARN  (ShutdownMonitor) [   ] o.e.j.s.ServletContextHandler ServletContextHandler.setHandler should not be called directly. Use insertHandler or setSessionHandler etc.
