0    INFO  (main) [   ] o.e.j.u.log Logging initialized @279ms
128  INFO  (main) [   ] o.e.j.s.Server jetty-9.3.8.v20160314
140  INFO  (main) [   ] o.e.j.d.p.ScanningAppProvider Deployment monitor [file:///Users/pparthasarathy/solr-6.2.1/server/contexts/] at interval 0
327  INFO  (main) [   ] o.e.j.w.StandardDescriptorProcessor NO JSP Support for /solr, did not find org.apache.jasper.servlet.JspServlet
335  WARN  (main) [   ] o.e.j.s.SecurityHandler ServletContext@o.e.j.w.WebAppContext@71423665{/solr,file:///Users/pparthasarathy/solr-6.2.1/server/solr-webapp/webapp/,STARTING}{/Users/pparthasarathy/solr-6.2.1/server/solr-webapp/webapp} has uncovered http methods for path: /
342  INFO  (main) [   ] o.a.s.s.SolrDispatchFilter SolrDispatchFilter.init(): WebAppClassLoader=1519280649@5a8e6209
354  INFO  (main) [   ] o.a.s.c.SolrResourceLoader JNDI not configured for solr (NoInitialContextEx)
354  INFO  (main) [   ] o.a.s.c.SolrResourceLoader using system property solr.solr.home: /Users/pparthasarathy/solr-6.2.1/server/solr
354  INFO  (main) [   ] o.a.s.c.SolrResourceLoader new SolrResourceLoader for directory: '/Users/pparthasarathy/solr-6.2.1/server/solr'
355  INFO  (main) [   ] o.a.s.c.SolrResourceLoader JNDI not configured for solr (NoInitialContextEx)
355  INFO  (main) [   ] o.a.s.c.SolrResourceLoader using system property solr.solr.home: /Users/pparthasarathy/solr-6.2.1/server/solr
359  INFO  (main) [   ] o.a.s.c.SolrXmlConfig Loading container configuration from /Users/pparthasarathy/solr-6.2.1/server/solr/solr.xml
421  INFO  (main) [   ] o.a.s.c.CorePropertiesLocator Config-defined core root directory: /Users/pparthasarathy/solr-6.2.1/server/solr
440  INFO  (main) [   ] o.a.s.c.CoreContainer New CoreContainer 364604394
441  INFO  (main) [   ] o.a.s.c.CoreContainer Loading cores into CoreContainer [instanceDir=/Users/pparthasarathy/solr-6.2.1/server/solr]
441  WARN  (main) [   ] o.a.s.c.CoreContainer Couldn't add files from /Users/pparthasarathy/solr-6.2.1/server/solr/lib to classpath: /Users/pparthasarathy/solr-6.2.1/server/solr/lib
450  INFO  (main) [   ] o.a.s.h.c.HttpShardHandlerFactory created with socketTimeout : 600000,connTimeout : 60000,maxConnectionsPerHost : 20,maxConnections : 10000,corePoolSize : 0,maximumPoolSize : 2147483647,maxThreadIdleTime : 5,sizeOfQueue : -1,fairnessPolicy : false,useRetries : false,connectionsEvictorSleepDelay : 5000,maxConnectionIdleTime : 40000,
601  INFO  (main) [   ] o.a.s.u.UpdateShardHandler Creating UpdateShardHandler HTTP client with params: socketTimeout=600000&connTimeout=60000&retry=true
603  INFO  (main) [   ] o.a.s.l.LogWatcher SLF4J impl is org.slf4j.impl.Log4jLoggerFactory
604  INFO  (main) [   ] o.a.s.l.LogWatcher Registering Log Listener [Log4j (org.slf4j.impl.Log4jLoggerFactory)]
606  INFO  (main) [   ] o.a.s.c.CoreContainer Security conf doesn't exist. Skipping setup for authorization module.
606  INFO  (main) [   ] o.a.s.c.CoreContainer No authentication plugin used.
641  INFO  (main) [   ] o.a.s.c.CorePropertiesLocator Looking for core definitions underneath /Users/pparthasarathy/solr-6.2.1/server/solr
648  INFO  (main) [   ] o.a.s.c.CorePropertiesLocator Found 0 core definitions
652  INFO  (main) [   ] o.a.s.s.SolrDispatchFilter user.dir=/Users/pparthasarathy/solr-6.2.1/server
652  INFO  (main) [   ] o.a.s.s.SolrDispatchFilter SolrDispatchFilter.init() done
660  INFO  (main) [   ] o.e.j.s.h.ContextHandler Started o.e.j.w.WebAppContext@71423665{/solr,file:///Users/pparthasarathy/solr-6.2.1/server/solr-webapp/webapp/,AVAILABLE}{/Users/pparthasarathy/solr-6.2.1/server/solr-webapp/webapp}
672  INFO  (main) [   ] o.e.j.s.ServerConnector Started ServerConnector@44c03695{HTTP/1.1,[http/1.1]}{0.0.0.0:8983}
672  INFO  (main) [   ] o.e.j.s.Server Started @953ms
33140 INFO  (qtp1791930789-31) [   ] o.a.s.s.HttpSolrCall [admin] webapp=null path=/admin/cores params={indexInfo=false&wt=json&_=1477287439481} status=0 QTime=36
33170 INFO  (qtp1791930789-19) [   ] o.a.s.s.HttpSolrCall [admin] webapp=null path=/admin/info/system params={wt=json&_=1477287439482} status=0 QTime=65
33202 INFO  (qtp1791930789-17) [   ] o.a.s.s.HttpSolrCall [admin] webapp=null path=/admin/info/system params={wt=json&_=1477287439482} status=0 QTime=12
42561 INFO  (ShutdownMonitor) [   ] o.e.j.s.ServerConnector Stopped ServerConnector@44c03695{HTTP/1.1,[http/1.1]}{0.0.0.0:8983}
42562 INFO  (ShutdownMonitor) [   ] o.a.s.c.CoreContainer Shutting down CoreContainer instance=364604394
42567 INFO  (ShutdownMonitor) [   ] o.e.j.s.h.ContextHandler Stopped o.e.j.w.WebAppContext@71423665{/solr,null,UNAVAILABLE}{/Users/pparthasarathy/solr-6.2.1/server/solr-webapp/webapp}
42568 WARN  (ShutdownMonitor) [   ] o.e.j.s.ServletContextHandler ServletContextHandler.setHandler should not be called directly. Use insertHandler or setSessionHandler etc.
