INFO  - 2016-10-24 03:37:02.985; [   ] org.eclipse.jetty.util.log.Log; Logging initialized @279ms
INFO  - 2016-10-24 03:37:03.120; [   ] org.eclipse.jetty.server.Server; jetty-9.3.8.v20160314
INFO  - 2016-10-24 03:37:03.134; [   ] org.eclipse.jetty.deploy.providers.ScanningAppProvider; Deployment monitor [file:///Users/pparthasarathy/solr-6.2.1/server/contexts/] at interval 0
INFO  - 2016-10-24 03:37:03.341; [   ] org.eclipse.jetty.webapp.StandardDescriptorProcessor; NO JSP Support for /solr, did not find org.apache.jasper.servlet.JspServlet
WARN  - 2016-10-24 03:37:03.349; [   ] org.eclipse.jetty.security.ConstraintSecurityHandler; ServletContext@o.e.j.w.WebAppContext@553f17c{/solr,file:///Users/pparthasarathy/solr-6.2.1/server/solr-webapp/webapp/,STARTING}{/Users/pparthasarathy/solr-6.2.1/server/solr-webapp/webapp} has uncovered http methods for path: /
INFO  - 2016-10-24 03:37:03.356; [   ] org.apache.solr.servlet.SolrDispatchFilter; SolrDispatchFilter.init(): WebAppClassLoader=327177752@13805618
INFO  - 2016-10-24 03:37:03.369; [   ] org.apache.solr.core.SolrResourceLoader; JNDI not configured for solr (NoInitialContextEx)
INFO  - 2016-10-24 03:37:03.369; [   ] org.apache.solr.core.SolrResourceLoader; using system property solr.solr.home: /Users/pparthasarathy/solr-6.2.1/example/schemaless/solr
INFO  - 2016-10-24 03:37:03.370; [   ] org.apache.solr.core.SolrResourceLoader; new SolrResourceLoader for directory: '/Users/pparthasarathy/solr-6.2.1/example/schemaless/solr'
INFO  - 2016-10-24 03:37:03.370; [   ] org.apache.solr.core.SolrResourceLoader; JNDI not configured for solr (NoInitialContextEx)
INFO  - 2016-10-24 03:37:03.371; [   ] org.apache.solr.core.SolrResourceLoader; using system property solr.solr.home: /Users/pparthasarathy/solr-6.2.1/example/schemaless/solr
INFO  - 2016-10-24 03:37:03.375; [   ] org.apache.solr.core.SolrXmlConfig; Loading container configuration from /Users/pparthasarathy/solr-6.2.1/example/schemaless/solr/solr.xml
INFO  - 2016-10-24 03:37:03.429; [   ] org.apache.solr.core.CorePropertiesLocator; Config-defined core root directory: /Users/pparthasarathy/solr-6.2.1/example/schemaless/solr
INFO  - 2016-10-24 03:37:03.448; [   ] org.apache.solr.core.CoreContainer; New CoreContainer 1684792003
INFO  - 2016-10-24 03:37:03.449; [   ] org.apache.solr.core.CoreContainer; Loading cores into CoreContainer [instanceDir=/Users/pparthasarathy/solr-6.2.1/example/schemaless/solr]
WARN  - 2016-10-24 03:37:03.449; [   ] org.apache.solr.core.CoreContainer; Couldn't add files from /Users/pparthasarathy/solr-6.2.1/example/schemaless/solr/lib to classpath: /Users/pparthasarathy/solr-6.2.1/example/schemaless/solr/lib
INFO  - 2016-10-24 03:37:03.460; [   ] org.apache.solr.handler.component.HttpShardHandlerFactory; created with socketTimeout : 600000,connTimeout : 60000,maxConnectionsPerHost : 20,maxConnections : 10000,corePoolSize : 0,maximumPoolSize : 2147483647,maxThreadIdleTime : 5,sizeOfQueue : -1,fairnessPolicy : false,useRetries : false,connectionsEvictorSleepDelay : 5000,maxConnectionIdleTime : 40000,
INFO  - 2016-10-24 03:37:03.606; [   ] org.apache.solr.update.UpdateShardHandler; Creating UpdateShardHandler HTTP client with params: socketTimeout=600000&connTimeout=60000&retry=true
INFO  - 2016-10-24 03:37:03.609; [   ] org.apache.solr.logging.LogWatcher; SLF4J impl is org.slf4j.impl.Log4jLoggerFactory
INFO  - 2016-10-24 03:37:03.609; [   ] org.apache.solr.logging.LogWatcher; Registering Log Listener [Log4j (org.slf4j.impl.Log4jLoggerFactory)]
INFO  - 2016-10-24 03:37:03.611; [   ] org.apache.solr.core.CoreContainer; Security conf doesn't exist. Skipping setup for authorization module.
INFO  - 2016-10-24 03:37:03.611; [   ] org.apache.solr.core.CoreContainer; No authentication plugin used.
INFO  - 2016-10-24 03:37:03.646; [   ] org.apache.solr.core.CorePropertiesLocator; Looking for core definitions underneath /Users/pparthasarathy/solr-6.2.1/example/schemaless/solr
INFO  - 2016-10-24 03:37:03.646; [   ] org.apache.solr.core.CorePropertiesLocator; Found 0 core definitions
INFO  - 2016-10-24 03:37:03.650; [   ] org.apache.solr.servlet.SolrDispatchFilter; user.dir=/Users/pparthasarathy/solr-6.2.1/server
INFO  - 2016-10-24 03:37:03.650; [   ] org.apache.solr.servlet.SolrDispatchFilter; SolrDispatchFilter.init() done
INFO  - 2016-10-24 03:37:03.658; [   ] org.eclipse.jetty.server.handler.ContextHandler; Started o.e.j.w.WebAppContext@553f17c{/solr,file:///Users/pparthasarathy/solr-6.2.1/server/solr-webapp/webapp/,AVAILABLE}{/Users/pparthasarathy/solr-6.2.1/server/solr-webapp/webapp}
INFO  - 2016-10-24 03:37:03.671; [   ] org.eclipse.jetty.server.AbstractConnector; Started ServerConnector@4218d6a3{HTTP/1.1,[http/1.1]}{0.0.0.0:8984}
INFO  - 2016-10-24 03:37:03.671; [   ] org.eclipse.jetty.server.Server; Started @966ms
INFO  - 2016-10-24 03:37:08.491; [   ] org.apache.solr.servlet.HttpSolrCall; [admin] webapp=null path=/admin/info/system params={wt=json} status=0 QTime=64
INFO  - 2016-10-24 03:37:08.541; [   ] org.apache.solr.servlet.HttpSolrCall; [admin] webapp=null path=/admin/cores params={core=gettingstarted&action=STATUS&wt=json} status=0 QTime=0
INFO  - 2016-10-24 03:37:08.559; [   ] org.apache.solr.servlet.HttpSolrCall; [admin] webapp=null path=/admin/info/system params={wt=json} status=0 QTime=12
INFO  - 2016-10-24 03:37:08.576; [   ] org.apache.solr.servlet.HttpSolrCall; [admin] webapp=null path=/admin/info/system params={wt=json} status=0 QTime=12
INFO  - 2016-10-24 03:37:08.580; [   ] org.apache.solr.servlet.HttpSolrCall; [admin] webapp=null path=/admin/cores params={core=gettingstarted&action=STATUS&wt=json} status=0 QTime=0
INFO  - 2016-10-24 03:37:08.607; [   ] org.apache.solr.handler.admin.CoreAdminOperation; core create command name=gettingstarted&action=CREATE&instanceDir=gettingstarted&wt=json
INFO  - 2016-10-24 03:37:08.609; [   ] org.apache.solr.core.CoreDescriptor; Created CoreDescriptor: {name=gettingstarted, config=solrconfig.xml, loadOnStartup=true, schema=schema.xml, configSetProperties=configsetprops.json, transient=false, dataDir=data/}
INFO  - 2016-10-24 03:37:08.611; [   ] org.apache.solr.core.SolrResourceLoader; new SolrResourceLoader for directory: '/Users/pparthasarathy/solr-6.2.1/example/schemaless/solr/gettingstarted'
INFO  - 2016-10-24 03:37:08.611; [   ] org.apache.solr.core.SolrResourceLoader; JNDI not configured for solr (NoInitialContextEx)
INFO  - 2016-10-24 03:37:08.611; [   ] org.apache.solr.core.SolrResourceLoader; using system property solr.solr.home: /Users/pparthasarathy/solr-6.2.1/example/schemaless/solr
INFO  - 2016-10-24 03:37:08.650; [   ] org.apache.solr.core.SolrConfig; current version of requestparams : 0
INFO  - 2016-10-24 03:37:08.653; [   ] org.apache.solr.core.SolrConfig; Adding specified lib dirs to ClassLoader
INFO  - 2016-10-24 03:37:08.656; [   ] org.apache.solr.core.SolrResourceLoader; Adding 'file:/Users/pparthasarathy/solr-6.2.1/contrib/extraction/lib/apache-mime4j-core-0.7.2.jar' to classloader
INFO  - 2016-10-24 03:37:08.656; [   ] org.apache.solr.core.SolrResourceLoader; Adding 'file:/Users/pparthasarathy/solr-6.2.1/contrib/extraction/lib/apache-mime4j-dom-0.7.2.jar' to classloader
INFO  - 2016-10-24 03:37:08.656; [   ] org.apache.solr.core.SolrResourceLoader; Adding 'file:/Users/pparthasarathy/solr-6.2.1/contrib/extraction/lib/aspectjrt-1.8.0.jar' to classloader
INFO  - 2016-10-24 03:37:08.656; [   ] org.apache.solr.core.SolrResourceLoader; Adding 'file:/Users/pparthasarathy/solr-6.2.1/contrib/extraction/lib/bcmail-jdk15-1.45.jar' to classloader
INFO  - 2016-10-24 03:37:08.656; [   ] org.apache.solr.core.SolrResourceLoader; Adding 'file:/Users/pparthasarathy/solr-6.2.1/contrib/extraction/lib/bcprov-jdk15-1.45.jar' to classloader
INFO  - 2016-10-24 03:37:08.657; [   ] org.apache.solr.core.SolrResourceLoader; Adding 'file:/Users/pparthasarathy/solr-6.2.1/contrib/extraction/lib/boilerpipe-1.1.0.jar' to classloader
INFO  - 2016-10-24 03:37:08.657; [   ] org.apache.solr.core.SolrResourceLoader; Adding 'file:/Users/pparthasarathy/solr-6.2.1/contrib/extraction/lib/commons-compress-1.11.jar' to classloader
INFO  - 2016-10-24 03:37:08.657; [   ] org.apache.solr.core.SolrResourceLoader; Adding 'file:/Users/pparthasarathy/solr-6.2.1/contrib/extraction/lib/fontbox-2.0.1.jar' to classloader
INFO  - 2016-10-24 03:37:08.657; [   ] org.apache.solr.core.SolrResourceLoader; Adding 'file:/Users/pparthasarathy/solr-6.2.1/contrib/extraction/lib/icu4j-56.1.jar' to classloader
INFO  - 2016-10-24 03:37:08.657; [   ] org.apache.solr.core.SolrResourceLoader; Adding 'file:/Users/pparthasarathy/solr-6.2.1/contrib/extraction/lib/isoparser-1.1.18.jar' to classloader
INFO  - 2016-10-24 03:37:08.657; [   ] org.apache.solr.core.SolrResourceLoader; Adding 'file:/Users/pparthasarathy/solr-6.2.1/contrib/extraction/lib/jackcess-2.1.3.jar' to classloader
INFO  - 2016-10-24 03:37:08.657; [   ] org.apache.solr.core.SolrResourceLoader; Adding 'file:/Users/pparthasarathy/solr-6.2.1/contrib/extraction/lib/java-libpst-0.8.1.jar' to classloader
INFO  - 2016-10-24 03:37:08.657; [   ] org.apache.solr.core.SolrResourceLoader; Adding 'file:/Users/pparthasarathy/solr-6.2.1/contrib/extraction/lib/jdom-1.0.jar' to classloader
INFO  - 2016-10-24 03:37:08.658; [   ] org.apache.solr.core.SolrResourceLoader; Adding 'file:/Users/pparthasarathy/solr-6.2.1/contrib/extraction/lib/jempbox-1.8.12.jar' to classloader
INFO  - 2016-10-24 03:37:08.658; [   ] org.apache.solr.core.SolrResourceLoader; Adding 'file:/Users/pparthasarathy/solr-6.2.1/contrib/extraction/lib/jmatio-1.0.jar' to classloader
INFO  - 2016-10-24 03:37:08.658; [   ] org.apache.solr.core.SolrResourceLoader; Adding 'file:/Users/pparthasarathy/solr-6.2.1/contrib/extraction/lib/juniversalchardet-1.0.3.jar' to classloader
INFO  - 2016-10-24 03:37:08.658; [   ] org.apache.solr.core.SolrResourceLoader; Adding 'file:/Users/pparthasarathy/solr-6.2.1/contrib/extraction/lib/metadata-extractor-2.8.1.jar' to classloader
INFO  - 2016-10-24 03:37:08.658; [   ] org.apache.solr.core.SolrResourceLoader; Adding 'file:/Users/pparthasarathy/solr-6.2.1/contrib/extraction/lib/pdfbox-2.0.1.jar' to classloader
INFO  - 2016-10-24 03:37:08.658; [   ] org.apache.solr.core.SolrResourceLoader; Adding 'file:/Users/pparthasarathy/solr-6.2.1/contrib/extraction/lib/pdfbox-tools-2.0.1.jar' to classloader
INFO  - 2016-10-24 03:37:08.659; [   ] org.apache.solr.core.SolrResourceLoader; Adding 'file:/Users/pparthasarathy/solr-6.2.1/contrib/extraction/lib/poi-3.15-beta1.jar' to classloader
INFO  - 2016-10-24 03:37:08.659; [   ] org.apache.solr.core.SolrResourceLoader; Adding 'file:/Users/pparthasarathy/solr-6.2.1/contrib/extraction/lib/poi-ooxml-3.15-beta1.jar' to classloader
INFO  - 2016-10-24 03:37:08.659; [   ] org.apache.solr.core.SolrResourceLoader; Adding 'file:/Users/pparthasarathy/solr-6.2.1/contrib/extraction/lib/poi-ooxml-schemas-3.15-beta1.jar' to classloader
INFO  - 2016-10-24 03:37:08.659; [   ] org.apache.solr.core.SolrResourceLoader; Adding 'file:/Users/pparthasarathy/solr-6.2.1/contrib/extraction/lib/poi-scratchpad-3.15-beta1.jar' to classloader
INFO  - 2016-10-24 03:37:08.659; [   ] org.apache.solr.core.SolrResourceLoader; Adding 'file:/Users/pparthasarathy/solr-6.2.1/contrib/extraction/lib/rome-1.0.jar' to classloader
INFO  - 2016-10-24 03:37:08.659; [   ] org.apache.solr.core.SolrResourceLoader; Adding 'file:/Users/pparthasarathy/solr-6.2.1/contrib/extraction/lib/tagsoup-1.2.1.jar' to classloader
INFO  - 2016-10-24 03:37:08.659; [   ] org.apache.solr.core.SolrResourceLoader; Adding 'file:/Users/pparthasarathy/solr-6.2.1/contrib/extraction/lib/tika-core-1.13.jar' to classloader
INFO  - 2016-10-24 03:37:08.659; [   ] org.apache.solr.core.SolrResourceLoader; Adding 'file:/Users/pparthasarathy/solr-6.2.1/contrib/extraction/lib/tika-java7-1.13.jar' to classloader
INFO  - 2016-10-24 03:37:08.660; [   ] org.apache.solr.core.SolrResourceLoader; Adding 'file:/Users/pparthasarathy/solr-6.2.1/contrib/extraction/lib/tika-parsers-1.13.jar' to classloader
INFO  - 2016-10-24 03:37:08.660; [   ] org.apache.solr.core.SolrResourceLoader; Adding 'file:/Users/pparthasarathy/solr-6.2.1/contrib/extraction/lib/tika-xmp-1.13.jar' to classloader
INFO  - 2016-10-24 03:37:08.660; [   ] org.apache.solr.core.SolrResourceLoader; Adding 'file:/Users/pparthasarathy/solr-6.2.1/contrib/extraction/lib/vorbis-java-core-0.8.jar' to classloader
INFO  - 2016-10-24 03:37:08.660; [   ] org.apache.solr.core.SolrResourceLoader; Adding 'file:/Users/pparthasarathy/solr-6.2.1/contrib/extraction/lib/vorbis-java-tika-0.8.jar' to classloader
INFO  - 2016-10-24 03:37:08.660; [   ] org.apache.solr.core.SolrResourceLoader; Adding 'file:/Users/pparthasarathy/solr-6.2.1/contrib/extraction/lib/xercesImpl-2.9.1.jar' to classloader
INFO  - 2016-10-24 03:37:08.660; [   ] org.apache.solr.core.SolrResourceLoader; Adding 'file:/Users/pparthasarathy/solr-6.2.1/contrib/extraction/lib/xmlbeans-2.6.0.jar' to classloader
INFO  - 2016-10-24 03:37:08.660; [   ] org.apache.solr.core.SolrResourceLoader; Adding 'file:/Users/pparthasarathy/solr-6.2.1/contrib/extraction/lib/xmpcore-5.1.2.jar' to classloader
INFO  - 2016-10-24 03:37:08.661; [   ] org.apache.solr.core.SolrResourceLoader; Adding 'file:/Users/pparthasarathy/solr-6.2.1/contrib/extraction/lib/xz-1.5.jar' to classloader
INFO  - 2016-10-24 03:37:08.661; [   ] org.apache.solr.core.SolrResourceLoader; Adding 'file:/Users/pparthasarathy/solr-6.2.1/dist/solr-cell-6.2.1.jar' to classloader
INFO  - 2016-10-24 03:37:08.661; [   ] org.apache.solr.core.SolrResourceLoader; Adding 'file:/Users/pparthasarathy/solr-6.2.1/contrib/clustering/lib/attributes-binder-1.3.1.jar' to classloader
INFO  - 2016-10-24 03:37:08.661; [   ] org.apache.solr.core.SolrResourceLoader; Adding 'file:/Users/pparthasarathy/solr-6.2.1/contrib/clustering/lib/carrot2-guava-18.0.jar' to classloader
INFO  - 2016-10-24 03:37:08.661; [   ] org.apache.solr.core.SolrResourceLoader; Adding 'file:/Users/pparthasarathy/solr-6.2.1/contrib/clustering/lib/carrot2-mini-3.12.0.jar' to classloader
INFO  - 2016-10-24 03:37:08.661; [   ] org.apache.solr.core.SolrResourceLoader; Adding 'file:/Users/pparthasarathy/solr-6.2.1/contrib/clustering/lib/jackson-annotations-2.5.4.jar' to classloader
INFO  - 2016-10-24 03:37:08.661; [   ] org.apache.solr.core.SolrResourceLoader; Adding 'file:/Users/pparthasarathy/solr-6.2.1/contrib/clustering/lib/jackson-databind-2.5.4.jar' to classloader
INFO  - 2016-10-24 03:37:08.662; [   ] org.apache.solr.core.SolrResourceLoader; Adding 'file:/Users/pparthasarathy/solr-6.2.1/contrib/clustering/lib/simple-xml-2.7.1.jar' to classloader
INFO  - 2016-10-24 03:37:08.662; [   ] org.apache.solr.core.SolrResourceLoader; Adding 'file:/Users/pparthasarathy/solr-6.2.1/dist/solr-clustering-6.2.1.jar' to classloader
INFO  - 2016-10-24 03:37:08.662; [   ] org.apache.solr.core.SolrResourceLoader; Adding 'file:/Users/pparthasarathy/solr-6.2.1/contrib/langid/lib/jsonic-1.2.7.jar' to classloader
INFO  - 2016-10-24 03:37:08.662; [   ] org.apache.solr.core.SolrResourceLoader; Adding 'file:/Users/pparthasarathy/solr-6.2.1/contrib/langid/lib/langdetect-1.1-20120112.jar' to classloader
INFO  - 2016-10-24 03:37:08.662; [   ] org.apache.solr.core.SolrResourceLoader; Adding 'file:/Users/pparthasarathy/solr-6.2.1/dist/solr-langid-6.2.1.jar' to classloader
INFO  - 2016-10-24 03:37:08.663; [   ] org.apache.solr.core.SolrResourceLoader; Adding 'file:/Users/pparthasarathy/solr-6.2.1/contrib/velocity/lib/commons-beanutils-1.8.3.jar' to classloader
INFO  - 2016-10-24 03:37:08.663; [   ] org.apache.solr.core.SolrResourceLoader; Adding 'file:/Users/pparthasarathy/solr-6.2.1/contrib/velocity/lib/commons-collections-3.2.2.jar' to classloader
INFO  - 2016-10-24 03:37:08.664; [   ] org.apache.solr.core.SolrResourceLoader; Adding 'file:/Users/pparthasarathy/solr-6.2.1/contrib/velocity/lib/velocity-1.7.jar' to classloader
INFO  - 2016-10-24 03:37:08.664; [   ] org.apache.solr.core.SolrResourceLoader; Adding 'file:/Users/pparthasarathy/solr-6.2.1/contrib/velocity/lib/velocity-tools-2.0.jar' to classloader
INFO  - 2016-10-24 03:37:08.664; [   ] org.apache.solr.core.SolrResourceLoader; Adding 'file:/Users/pparthasarathy/solr-6.2.1/dist/solr-velocity-6.2.1.jar' to classloader
INFO  - 2016-10-24 03:37:08.787; [   ] org.apache.solr.core.SolrConfig; Using Lucene MatchVersion: 6.2.1
INFO  - 2016-10-24 03:37:08.864; [   ] org.apache.solr.core.SolrConfig; Loaded SolrConfig: solrconfig.xml
INFO  - 2016-10-24 03:37:08.918; [   ] org.apache.solr.schema.IndexSchema; [gettingstarted] Schema name=example-data-driven-schema
INFO  - 2016-10-24 03:37:09.215; [   ] org.apache.solr.schema.IndexSchema; unique key field: id
INFO  - 2016-10-24 03:37:09.349; [   ] org.apache.solr.schema.FileExchangeRateProvider; Reloading exchange rates from file currency.xml
INFO  - 2016-10-24 03:37:09.354; [   ] org.apache.solr.schema.FileExchangeRateProvider; Reloading exchange rates from file currency.xml
INFO  - 2016-10-24 03:37:09.375; [   ] org.apache.solr.core.ConfigSetProperties; Did not find ConfigSet properties, assuming default properties: Can't find resource 'configsetprops.json' in classpath or '/Users/pparthasarathy/solr-6.2.1/example/schemaless/solr/gettingstarted'
INFO  - 2016-10-24 03:37:09.376; [   ] org.apache.solr.core.CoreContainer; Creating SolrCore 'gettingstarted' using configuration from instancedir /Users/pparthasarathy/solr-6.2.1/example/schemaless/solr/gettingstarted
INFO  - 2016-10-24 03:37:09.376; [   x:gettingstarted] org.apache.solr.core.SolrCore; solr.NRTCachingDirectoryFactory
INFO  - 2016-10-24 03:37:09.386; [   x:gettingstarted] org.apache.solr.core.SolrCore; [[gettingstarted] ] Opening new SolrCore at [/Users/pparthasarathy/solr-6.2.1/example/schemaless/solr/gettingstarted], dataDir=[/Users/pparthasarathy/solr-6.2.1/example/schemaless/solr/gettingstarted/data/]
INFO  - 2016-10-24 03:37:09.388; [   x:gettingstarted] org.apache.solr.core.JmxMonitoredMap; No JMX servers found, not exposing Solr information with JMX.
INFO  - 2016-10-24 03:37:09.392; [   x:gettingstarted] org.apache.solr.core.SolrCore; [[gettingstarted] ] Added SolrEventListener for newSearcher: [org.apache.solr.core.QuerySenderListener{queries=[]}]
INFO  - 2016-10-24 03:37:09.392; [   x:gettingstarted] org.apache.solr.core.SolrCore; [[gettingstarted] ] Added SolrEventListener for firstSearcher: [org.apache.solr.core.QuerySenderListener{queries=[]}]
INFO  - 2016-10-24 03:37:09.403; [   x:gettingstarted] org.apache.solr.core.CachingDirectoryFactory; return new directory for /Users/pparthasarathy/solr-6.2.1/example/schemaless/solr/gettingstarted/data/snapshot_metadata
INFO  - 2016-10-24 03:37:09.404; [   x:gettingstarted] org.apache.solr.core.snapshots.SolrSnapshotMetaDataManager; Loading from snapshot metadata file...
INFO  - 2016-10-24 03:37:09.406; [   x:gettingstarted] org.apache.solr.core.SchemaCodecFactory; Using default compressionMode: BEST_SPEED
INFO  - 2016-10-24 03:37:09.407; [   x:gettingstarted] org.apache.solr.core.CachingDirectoryFactory; return new directory for /Users/pparthasarathy/solr-6.2.1/example/schemaless/solr/gettingstarted/data
INFO  - 2016-10-24 03:37:09.408; [   x:gettingstarted] org.apache.solr.core.SolrCore; New index directory detected: old=null new=/Users/pparthasarathy/solr-6.2.1/example/schemaless/solr/gettingstarted/data/index/
WARN  - 2016-10-24 03:37:09.408; [   x:gettingstarted] org.apache.solr.core.SolrCore; [gettingstarted] Solr index directory '/Users/pparthasarathy/solr-6.2.1/example/schemaless/solr/gettingstarted/data/index' doesn't exist. Creating new index...
INFO  - 2016-10-24 03:37:09.417; [   x:gettingstarted] org.apache.solr.core.CachingDirectoryFactory; return new directory for /Users/pparthasarathy/solr-6.2.1/example/schemaless/solr/gettingstarted/data/index
INFO  - 2016-10-24 03:37:09.450; [   x:gettingstarted] org.apache.solr.core.SolrDeletionPolicy; SolrDeletionPolicy.onCommit: commits: num=1
	commit{dir=NRTCachingDirectory(MMapDirectory@/Users/pparthasarathy/solr-6.2.1/example/schemaless/solr/gettingstarted/data/index lockFactory=org.apache.lucene.store.NativeFSLockFactory@7c7cc599; maxCacheMB=48.0 maxMergeSizeMB=4.0),segFN=segments_1,generation=1}
INFO  - 2016-10-24 03:37:09.451; [   x:gettingstarted] org.apache.solr.core.SolrDeletionPolicy; newest commit generation = 1
INFO  - 2016-10-24 03:37:09.454; [   x:gettingstarted] org.apache.solr.core.SolrCore; Looking for old index directories to cleanup for core gettingstarted in /Users/pparthasarathy/solr-6.2.1/example/schemaless/solr/gettingstarted/data/
INFO  - 2016-10-24 03:37:09.455; [   x:gettingstarted] org.apache.solr.core.PluginBag; queryResponseWriter : 'velocity' created with startup=lazy 
INFO  - 2016-10-24 03:37:09.458; [   x:gettingstarted] org.apache.solr.response.XSLTResponseWriter; xsltCacheLifetimeSeconds=5
INFO  - 2016-10-24 03:37:09.532; [   x:gettingstarted] org.apache.solr.update.processor.UpdateRequestProcessorChain; creating updateRequestProcessorChain "add-unknown-fields-to-the-schema"
INFO  - 2016-10-24 03:37:09.578; [   x:gettingstarted] org.apache.solr.core.SolrCore; no updateRequestProcessorChain defined as default, creating implicit default
INFO  - 2016-10-24 03:37:09.598; [   x:gettingstarted] org.apache.solr.handler.loader.XMLLoader; xsltCacheLifetimeSeconds=60
INFO  - 2016-10-24 03:37:09.600; [   x:gettingstarted] org.apache.solr.handler.loader.XMLLoader; xsltCacheLifetimeSeconds=60
INFO  - 2016-10-24 03:37:09.600; [   x:gettingstarted] org.apache.solr.handler.loader.XMLLoader; xsltCacheLifetimeSeconds=60
INFO  - 2016-10-24 03:37:09.601; [   x:gettingstarted] org.apache.solr.handler.loader.XMLLoader; xsltCacheLifetimeSeconds=60
INFO  - 2016-10-24 03:37:09.669; [   x:gettingstarted] org.apache.solr.core.PluginBag; requestHandler : '/terms' created with startup=lazy 
INFO  - 2016-10-24 03:37:09.669; [   x:gettingstarted] org.apache.solr.core.PluginBag; requestHandler : '/update/extract' created with startup=lazy 
INFO  - 2016-10-24 03:37:09.669; [   x:gettingstarted] org.apache.solr.core.PluginBag; requestHandler : '/analysis/field' created with startup=lazy 
INFO  - 2016-10-24 03:37:09.670; [   x:gettingstarted] org.apache.solr.core.PluginBag; requestHandler : '/analysis/document' created with startup=lazy 
INFO  - 2016-10-24 03:37:09.671; [   x:gettingstarted] org.apache.solr.core.PluginBag; requestHandler : '/spell' created with startup=lazy 
INFO  - 2016-10-24 03:37:09.672; [   x:gettingstarted] org.apache.solr.core.PluginBag; requestHandler : '/tvrh' created with startup=lazy 
INFO  - 2016-10-24 03:37:09.672; [   x:gettingstarted] org.apache.solr.core.PluginBag; requestHandler : '/elevate' created with startup=lazy 
INFO  - 2016-10-24 03:37:09.672; [   x:gettingstarted] org.apache.solr.core.RequestHandlers; Registered paths: /admin/mbeans,/browse,/update/json/docs,/admin/luke,/export,/get,/admin/properties,/elevate,/update/json,/admin/threads,/query,/analysis/field,/analysis/document,/spell,/update/csv,/sql,/graph,/tvrh,/select,/admin/segments,/admin/system,/replication,/config,/stream,/schema,/admin/plugins,/admin/logging,/admin/ping,/update,/admin/file,/terms,/debug/dump,/update/extract
INFO  - 2016-10-24 03:37:09.673; [   x:gettingstarted] org.apache.solr.core.SolrCore; Using default statsCache cache: org.apache.solr.search.stats.LocalStatsCache
INFO  - 2016-10-24 03:37:09.681; [   x:gettingstarted] org.apache.solr.update.UpdateHandler; Using UpdateLog implementation: org.apache.solr.update.UpdateLog
INFO  - 2016-10-24 03:37:09.681; [   x:gettingstarted] org.apache.solr.update.UpdateLog; Initializing UpdateLog: dataDir= defaultSyncLevel=FLUSH numRecordsToKeep=100 maxNumLogsToKeep=10 numVersionBuckets=65536
INFO  - 2016-10-24 03:37:09.687; [   x:gettingstarted] org.apache.solr.update.CommitTracker; Hard AutoCommit: if uncommited for 15000ms; 
INFO  - 2016-10-24 03:37:09.687; [   x:gettingstarted] org.apache.solr.update.CommitTracker; Soft AutoCommit: disabled
INFO  - 2016-10-24 03:37:09.692; [   x:gettingstarted] org.apache.solr.core.SolrDeletionPolicy; SolrDeletionPolicy.onInit: commits: num=1
	commit{dir=NRTCachingDirectory(MMapDirectory@/Users/pparthasarathy/solr-6.2.1/example/schemaless/solr/gettingstarted/data/index lockFactory=org.apache.lucene.store.NativeFSLockFactory@7c7cc599; maxCacheMB=48.0 maxMergeSizeMB=4.0),segFN=segments_1,generation=1}
INFO  - 2016-10-24 03:37:09.692; [   x:gettingstarted] org.apache.solr.core.SolrDeletionPolicy; newest commit generation = 1
INFO  - 2016-10-24 03:37:09.699; [   x:gettingstarted] org.apache.solr.search.SolrIndexSearcher; Opening [Searcher@5a3f7426[gettingstarted] main]
INFO  - 2016-10-24 03:37:09.704; [   x:gettingstarted] org.apache.solr.rest.ManagedResourceStorage$FileStorageIO; File-based storage initialized to use dir: /Users/pparthasarathy/solr-6.2.1/example/schemaless/solr/gettingstarted/conf
INFO  - 2016-10-24 03:37:09.704; [   x:gettingstarted] org.apache.solr.rest.RestManager; Initializing RestManager with initArgs: {storageDir=/Users/pparthasarathy/solr-6.2.1/example/schemaless/solr/gettingstarted/conf}
INFO  - 2016-10-24 03:37:09.710; [   x:gettingstarted] org.apache.solr.rest.ManagedResourceStorage; Reading _rest_managed.json using file:dir=/Users/pparthasarathy/solr-6.2.1/example/schemaless/solr/gettingstarted/conf
INFO  - 2016-10-24 03:37:09.710; [   x:gettingstarted] org.apache.solr.rest.RestManager; Initializing 0 registered ManagedResources
INFO  - 2016-10-24 03:37:09.715; [   x:gettingstarted] org.apache.solr.handler.component.SpellCheckComponent; Initializing spell checkers
INFO  - 2016-10-24 03:37:09.719; [   x:gettingstarted] org.apache.solr.spelling.DirectSolrSpellChecker; init: {name=default,field=_text_,classname=solr.DirectSolrSpellChecker,distanceMeasure=internal,accuracy=0.5,maxEdits=2,minPrefix=1,maxInspections=5,minQueryLength=4,maxQueryFrequency=0.01}
INFO  - 2016-10-24 03:37:09.720; [   x:gettingstarted] org.apache.solr.handler.component.SpellCheckComponent; No queryConverter defined, using default converter
INFO  - 2016-10-24 03:37:09.721; [   x:gettingstarted] org.apache.solr.handler.component.QueryElevationComponent; Loading QueryElevation from: /Users/pparthasarathy/solr-6.2.1/example/schemaless/solr/gettingstarted/conf/elevate.xml
INFO  - 2016-10-24 03:37:09.728; [   x:gettingstarted] org.apache.solr.handler.ReplicationHandler; Commits will be reserved for  10000
INFO  - 2016-10-24 03:37:09.737; [   x:gettingstarted] org.apache.solr.core.QuerySenderListener; QuerySenderListener sending requests to Searcher@5a3f7426[gettingstarted] main{ExitableDirectoryReader(UninvertingDirectoryReader())}
INFO  - 2016-10-24 03:37:09.737; [   x:gettingstarted] org.apache.solr.core.QuerySenderListener; QuerySenderListener done.
INFO  - 2016-10-24 03:37:09.737; [   x:gettingstarted] org.apache.solr.update.UpdateLog; Looking up max value of version field to seed version buckets
INFO  - 2016-10-24 03:37:09.737; [   x:gettingstarted] org.apache.solr.handler.component.SpellCheckComponent$SpellCheckerListener; Loading spell index for spellchecker: default
INFO  - 2016-10-24 03:37:09.737; [   x:gettingstarted] org.apache.solr.update.VersionInfo; Refreshing highest value of _version_ for 65536 version buckets from index
INFO  - 2016-10-24 03:37:09.738; [   x:gettingstarted] org.apache.solr.core.SolrCore; [gettingstarted] Registered new searcher Searcher@5a3f7426[gettingstarted] main{ExitableDirectoryReader(UninvertingDirectoryReader())}
INFO  - 2016-10-24 03:37:09.738; [   x:gettingstarted] org.apache.solr.update.VersionInfo; No terms found for _version_, cannot seed version bucket highest value from index
INFO  - 2016-10-24 03:37:09.738; [   x:gettingstarted] org.apache.solr.update.UpdateLog; Could not find max version in index or recent updates, using new clock 1549040594177753088
INFO  - 2016-10-24 03:37:09.741; [   x:gettingstarted] org.apache.solr.update.UpdateLog; Took 4.0ms to seed version buckets with highest version 1549040594177753088
INFO  - 2016-10-24 03:37:09.742; [   x:gettingstarted] org.apache.solr.core.CoreContainer; registering core: gettingstarted
INFO  - 2016-10-24 03:37:09.743; [   x:gettingstarted] org.apache.solr.servlet.HttpSolrCall; [admin] webapp=null path=/admin/cores params={name=gettingstarted&action=CREATE&instanceDir=gettingstarted&wt=json} status=0 QTime=1136
INFO  - 2016-10-24 03:37:31.514; [   ] org.apache.solr.servlet.HttpSolrCall; [admin] webapp=null path=/admin/cores params={indexInfo=false&wt=json&_=1477280251367} status=0 QTime=0
INFO  - 2016-10-24 03:37:31.531; [   ] org.apache.solr.servlet.HttpSolrCall; [admin] webapp=null path=/admin/info/system params={wt=json&_=1477280251369} status=0 QTime=17
INFO  - 2016-10-24 03:37:31.553; [   ] org.apache.solr.servlet.HttpSolrCall; [admin] webapp=null path=/admin/info/system params={wt=json&_=1477280251369} status=0 QTime=18
INFO  - 2016-10-24 03:37:33.800; [   ] org.apache.solr.servlet.HttpSolrCall; [admin] webapp=null path=/admin/cores params={indexInfo=false&wt=json&_=1477280251367} status=0 QTime=0
INFO  - 2016-10-24 03:37:33.807; [   x:gettingstarted] org.apache.solr.core.SolrCore; [gettingstarted]  webapp=/solr path=/admin/luke params={numTerms=0&show=index&wt=json&_=1477280253793} status=0 QTime=5
INFO  - 2016-10-24 03:37:33.807; [   x:gettingstarted] org.apache.solr.core.SolrCore; [gettingstarted]  webapp=/solr path=/replication params={wt=json&command=details&_=1477280253793} status=0 QTime=3
INFO  - 2016-10-24 03:37:33.808; [   x:gettingstarted] org.apache.solr.core.SolrCore; [gettingstarted]  webapp=/solr path=/admin/ping params={action=status&wt=json&_=1477280251369&ts=1477280251369} status=503 QTime=2
INFO  - 2016-10-24 03:37:33.823; [   ] org.apache.solr.servlet.HttpSolrCall; [admin] webapp=null path=/admin/info/system params={wt=json&_=1477280251369} status=0 QTime=22
INFO  - 2016-10-24 03:37:33.824; [   x:gettingstarted] org.apache.solr.core.SolrCore; [gettingstarted]  webapp=/solr path=/admin/system params={wt=json&_=1477280253793} status=0 QTime=18
INFO  - 2016-10-24 03:37:42.905; [   x:gettingstarted] org.apache.solr.core.SolrCore; [gettingstarted]  webapp=/solr path=/browse params={} hits=0 status=0 QTime=31
INFO  - 2016-10-24 03:37:42.905; [   x:gettingstarted] org.apache.solr.core.PluginBag$LazyPluginHolder; Going to create a new queryResponseWriter with {type = queryResponseWriter,name = velocity,class = solr.VelocityResponseWriter,args = {template.base.dir=,solr.resource.loader.enabled=true,params.resource.loader.enabled=false}} 
INFO  - 2016-10-24 03:37:57.008; [   x:gettingstarted] org.apache.solr.core.SolrCore; [gettingstarted]  webapp=/solr path=/browse params={q=test} hits=0 status=0 QTime=12
INFO  - 2016-10-24 03:38:11.632; [   ] org.eclipse.jetty.server.AbstractConnector; Stopped ServerConnector@4218d6a3{HTTP/1.1,[http/1.1]}{0.0.0.0:8984}
INFO  - 2016-10-24 03:38:11.632; [   ] org.apache.solr.core.CoreContainer; Shutting down CoreContainer instance=1684792003
INFO  - 2016-10-24 03:38:11.633; [   x:gettingstarted] org.apache.solr.core.SolrCore; [gettingstarted]  CLOSING SolrCore org.apache.solr.core.SolrCore@47159462
INFO  - 2016-10-24 03:38:11.634; [   x:gettingstarted] org.apache.solr.update.DirectUpdateHandler2; closing DirectUpdateHandler2{commits=0,autocommit maxTime=15000ms,autocommits=0,soft autocommits=0,optimizes=0,rollbacks=0,expungeDeletes=0,docsPending=0,adds=0,deletesById=0,deletesByQuery=0,errors=0,cumulative_adds=0,cumulative_deletesById=0,cumulative_deletesByQuery=0,cumulative_errors=0,transaction_logs_total_size=0,transaction_logs_total_number=0}
INFO  - 2016-10-24 03:38:11.635; [   x:gettingstarted] org.apache.solr.update.SolrCoreState; Closing SolrCoreState
INFO  - 2016-10-24 03:38:11.635; [   x:gettingstarted] org.apache.solr.update.DefaultSolrCoreState; SolrCoreState ref count has reached 0 - closing IndexWriter
INFO  - 2016-10-24 03:38:11.635; [   x:gettingstarted] org.apache.solr.update.DefaultSolrCoreState; closing IndexWriter with IndexWriterCloser
INFO  - 2016-10-24 03:38:11.637; [   x:gettingstarted] org.apache.solr.core.SolrCore; [gettingstarted] Closing main searcher on request.
INFO  - 2016-10-24 03:38:11.637; [   x:gettingstarted] org.apache.solr.core.CachingDirectoryFactory; Closing NRTCachingDirectoryFactory - 3 directories currently being tracked
INFO  - 2016-10-24 03:38:11.638; [   x:gettingstarted] org.apache.solr.core.CachingDirectoryFactory; looking to close /Users/pparthasarathy/solr-6.2.1/example/schemaless/solr/gettingstarted/data/index [CachedDir<<refCount=0;path=/Users/pparthasarathy/solr-6.2.1/example/schemaless/solr/gettingstarted/data/index;done=false>>]
INFO  - 2016-10-24 03:38:11.638; [   x:gettingstarted] org.apache.solr.core.CachingDirectoryFactory; Closing directory, CoreContainer#isShutdown=true
INFO  - 2016-10-24 03:38:11.638; [   x:gettingstarted] org.apache.solr.core.CachingDirectoryFactory; Closing directory: /Users/pparthasarathy/solr-6.2.1/example/schemaless/solr/gettingstarted/data/index
INFO  - 2016-10-24 03:38:11.639; [   x:gettingstarted] org.apache.solr.core.CachingDirectoryFactory; looking to close /Users/pparthasarathy/solr-6.2.1/example/schemaless/solr/gettingstarted/data [CachedDir<<refCount=0;path=/Users/pparthasarathy/solr-6.2.1/example/schemaless/solr/gettingstarted/data;done=false>>]
INFO  - 2016-10-24 03:38:11.639; [   x:gettingstarted] org.apache.solr.core.CachingDirectoryFactory; Closing directory, CoreContainer#isShutdown=true
INFO  - 2016-10-24 03:38:11.639; [   x:gettingstarted] org.apache.solr.core.CachingDirectoryFactory; Closing directory: /Users/pparthasarathy/solr-6.2.1/example/schemaless/solr/gettingstarted/data
INFO  - 2016-10-24 03:38:11.639; [   x:gettingstarted] org.apache.solr.core.CachingDirectoryFactory; looking to close /Users/pparthasarathy/solr-6.2.1/example/schemaless/solr/gettingstarted/data/snapshot_metadata [CachedDir<<refCount=0;path=/Users/pparthasarathy/solr-6.2.1/example/schemaless/solr/gettingstarted/data/snapshot_metadata;done=false>>]
INFO  - 2016-10-24 03:38:11.639; [   x:gettingstarted] org.apache.solr.core.CachingDirectoryFactory; Closing directory, CoreContainer#isShutdown=true
INFO  - 2016-10-24 03:38:11.639; [   x:gettingstarted] org.apache.solr.core.CachingDirectoryFactory; Closing directory: /Users/pparthasarathy/solr-6.2.1/example/schemaless/solr/gettingstarted/data/snapshot_metadata
INFO  - 2016-10-24 03:38:11.641; [   ] org.eclipse.jetty.server.handler.ContextHandler; Stopped o.e.j.w.WebAppContext@553f17c{/solr,null,UNAVAILABLE}{/Users/pparthasarathy/solr-6.2.1/server/solr-webapp/webapp}
WARN  - 2016-10-24 03:38:11.643; [   ] org.eclipse.jetty.servlet.ServletContextHandler; ServletContextHandler.setHandler should not be called directly. Use insertHandler or setSessionHandler etc.
