INFO  - 2016-10-24 18:32:43.446; [   ] org.eclipse.jetty.util.log.Log; Logging initialized @260ms
INFO  - 2016-10-24 18:32:43.580; [   ] org.eclipse.jetty.server.Server; jetty-9.3.8.v20160314
INFO  - 2016-10-24 18:32:43.594; [   ] org.eclipse.jetty.deploy.providers.ScanningAppProvider; Deployment monitor [file:///Users/pparthasarathy/solr-6.2.1/server/contexts/] at interval 0
INFO  - 2016-10-24 18:32:43.776; [   ] org.eclipse.jetty.webapp.StandardDescriptorProcessor; NO JSP Support for /solr, did not find org.apache.jasper.servlet.JspServlet
WARN  - 2016-10-24 18:32:43.784; [   ] org.eclipse.jetty.security.ConstraintSecurityHandler; ServletContext@o.e.j.w.WebAppContext@553f17c{/solr,file:///Users/pparthasarathy/solr-6.2.1/server/solr-webapp/webapp/,STARTING}{/Users/pparthasarathy/solr-6.2.1/server/solr-webapp/webapp} has uncovered http methods for path: /
INFO  - 2016-10-24 18:32:43.793; [   ] org.apache.solr.servlet.SolrDispatchFilter; SolrDispatchFilter.init(): WebAppClassLoader=327177752@13805618
INFO  - 2016-10-24 18:32:43.804; [   ] org.apache.solr.core.SolrResourceLoader; JNDI not configured for solr (NoInitialContextEx)
INFO  - 2016-10-24 18:32:43.805; [   ] org.apache.solr.core.SolrResourceLoader; using system property solr.solr.home: /Users/pparthasarathy/solr-6.2.1/example/techproducts/solr
INFO  - 2016-10-24 18:32:43.805; [   ] org.apache.solr.core.SolrResourceLoader; new SolrResourceLoader for directory: '/Users/pparthasarathy/solr-6.2.1/example/techproducts/solr'
INFO  - 2016-10-24 18:32:43.806; [   ] org.apache.solr.core.SolrResourceLoader; JNDI not configured for solr (NoInitialContextEx)
INFO  - 2016-10-24 18:32:43.806; [   ] org.apache.solr.core.SolrResourceLoader; using system property solr.solr.home: /Users/pparthasarathy/solr-6.2.1/example/techproducts/solr
INFO  - 2016-10-24 18:32:43.810; [   ] org.apache.solr.core.SolrXmlConfig; Loading container configuration from /Users/pparthasarathy/solr-6.2.1/example/techproducts/solr/solr.xml
INFO  - 2016-10-24 18:32:43.869; [   ] org.apache.solr.core.CorePropertiesLocator; Config-defined core root directory: /Users/pparthasarathy/solr-6.2.1/example/techproducts/solr
INFO  - 2016-10-24 18:32:43.888; [   ] org.apache.solr.core.CoreContainer; New CoreContainer 1684792003
INFO  - 2016-10-24 18:32:43.888; [   ] org.apache.solr.core.CoreContainer; Loading cores into CoreContainer [instanceDir=/Users/pparthasarathy/solr-6.2.1/example/techproducts/solr]
WARN  - 2016-10-24 18:32:43.889; [   ] org.apache.solr.core.CoreContainer; Couldn't add files from /Users/pparthasarathy/solr-6.2.1/example/techproducts/solr/lib to classpath: /Users/pparthasarathy/solr-6.2.1/example/techproducts/solr/lib
INFO  - 2016-10-24 18:32:43.899; [   ] org.apache.solr.handler.component.HttpShardHandlerFactory; created with socketTimeout : 600000,connTimeout : 60000,maxConnectionsPerHost : 20,maxConnections : 10000,corePoolSize : 0,maximumPoolSize : 2147483647,maxThreadIdleTime : 5,sizeOfQueue : -1,fairnessPolicy : false,useRetries : false,connectionsEvictorSleepDelay : 5000,maxConnectionIdleTime : 40000,
INFO  - 2016-10-24 18:32:44.040; [   ] org.apache.solr.update.UpdateShardHandler; Creating UpdateShardHandler HTTP client with params: socketTimeout=600000&connTimeout=60000&retry=true
INFO  - 2016-10-24 18:32:44.043; [   ] org.apache.solr.logging.LogWatcher; SLF4J impl is org.slf4j.impl.Log4jLoggerFactory
INFO  - 2016-10-24 18:32:44.043; [   ] org.apache.solr.logging.LogWatcher; Registering Log Listener [Log4j (org.slf4j.impl.Log4jLoggerFactory)]
INFO  - 2016-10-24 18:32:44.045; [   ] org.apache.solr.core.CoreContainer; Security conf doesn't exist. Skipping setup for authorization module.
INFO  - 2016-10-24 18:32:44.045; [   ] org.apache.solr.core.CoreContainer; No authentication plugin used.
INFO  - 2016-10-24 18:32:44.081; [   ] org.apache.solr.core.CorePropertiesLocator; Looking for core definitions underneath /Users/pparthasarathy/solr-6.2.1/example/techproducts/solr
INFO  - 2016-10-24 18:32:44.085; [   ] org.apache.solr.core.CoreDescriptor; Created CoreDescriptor: {name=techproducts, config=solrconfig.xml, loadOnStartup=true, schema=schema.xml, configSetProperties=configsetprops.json, transient=false, dataDir=data/}
INFO  - 2016-10-24 18:32:44.086; [   ] org.apache.solr.core.CorePropertiesLocator$1; Found core techproducts in /Users/pparthasarathy/solr-6.2.1/example/techproducts/solr/techproducts
INFO  - 2016-10-24 18:32:44.086; [   ] org.apache.solr.core.CorePropertiesLocator; Found 1 core definitions
INFO  - 2016-10-24 18:32:44.092; [   ] org.apache.solr.servlet.SolrDispatchFilter; user.dir=/Users/pparthasarathy/solr-6.2.1/server
INFO  - 2016-10-24 18:32:44.092; [   ] org.apache.solr.servlet.SolrDispatchFilter; SolrDispatchFilter.init() done
INFO  - 2016-10-24 18:32:44.093; [   ] org.apache.solr.core.SolrResourceLoader; new SolrResourceLoader for directory: '/Users/pparthasarathy/solr-6.2.1/example/techproducts/solr/techproducts'
INFO  - 2016-10-24 18:32:44.093; [   ] org.apache.solr.core.SolrResourceLoader; JNDI not configured for solr (NoInitialContextEx)
INFO  - 2016-10-24 18:32:44.093; [   ] org.apache.solr.core.SolrResourceLoader; using system property solr.solr.home: /Users/pparthasarathy/solr-6.2.1/example/techproducts/solr
INFO  - 2016-10-24 18:32:44.103; [   ] org.eclipse.jetty.server.handler.ContextHandler; Started o.e.j.w.WebAppContext@553f17c{/solr,file:///Users/pparthasarathy/solr-6.2.1/server/solr-webapp/webapp/,AVAILABLE}{/Users/pparthasarathy/solr-6.2.1/server/solr-webapp/webapp}
INFO  - 2016-10-24 18:32:44.117; [   ] org.eclipse.jetty.server.AbstractConnector; Started ServerConnector@3e694b3f{HTTP/1.1,[http/1.1]}{0.0.0.0:8983}
INFO  - 2016-10-24 18:32:44.118; [   ] org.eclipse.jetty.server.Server; Started @933ms
INFO  - 2016-10-24 18:32:44.136; [   ] org.apache.solr.core.SolrConfig; current version of requestparams : -1
INFO  - 2016-10-24 18:32:44.138; [   ] org.apache.solr.core.SolrConfig; Adding specified lib dirs to ClassLoader
INFO  - 2016-10-24 18:32:44.141; [   ] org.apache.solr.core.SolrResourceLoader; Adding 'file:/Users/pparthasarathy/solr-6.2.1/contrib/extraction/lib/apache-mime4j-core-0.7.2.jar' to classloader
INFO  - 2016-10-24 18:32:44.142; [   ] org.apache.solr.core.SolrResourceLoader; Adding 'file:/Users/pparthasarathy/solr-6.2.1/contrib/extraction/lib/apache-mime4j-dom-0.7.2.jar' to classloader
INFO  - 2016-10-24 18:32:44.142; [   ] org.apache.solr.core.SolrResourceLoader; Adding 'file:/Users/pparthasarathy/solr-6.2.1/contrib/extraction/lib/aspectjrt-1.8.0.jar' to classloader
INFO  - 2016-10-24 18:32:44.142; [   ] org.apache.solr.core.SolrResourceLoader; Adding 'file:/Users/pparthasarathy/solr-6.2.1/contrib/extraction/lib/bcmail-jdk15-1.45.jar' to classloader
INFO  - 2016-10-24 18:32:44.142; [   ] org.apache.solr.core.SolrResourceLoader; Adding 'file:/Users/pparthasarathy/solr-6.2.1/contrib/extraction/lib/bcprov-jdk15-1.45.jar' to classloader
INFO  - 2016-10-24 18:32:44.142; [   ] org.apache.solr.core.SolrResourceLoader; Adding 'file:/Users/pparthasarathy/solr-6.2.1/contrib/extraction/lib/boilerpipe-1.1.0.jar' to classloader
INFO  - 2016-10-24 18:32:44.142; [   ] org.apache.solr.core.SolrResourceLoader; Adding 'file:/Users/pparthasarathy/solr-6.2.1/contrib/extraction/lib/commons-compress-1.11.jar' to classloader
INFO  - 2016-10-24 18:32:44.142; [   ] org.apache.solr.core.SolrResourceLoader; Adding 'file:/Users/pparthasarathy/solr-6.2.1/contrib/extraction/lib/fontbox-2.0.1.jar' to classloader
INFO  - 2016-10-24 18:32:44.142; [   ] org.apache.solr.core.SolrResourceLoader; Adding 'file:/Users/pparthasarathy/solr-6.2.1/contrib/extraction/lib/icu4j-56.1.jar' to classloader
INFO  - 2016-10-24 18:32:44.142; [   ] org.apache.solr.core.SolrResourceLoader; Adding 'file:/Users/pparthasarathy/solr-6.2.1/contrib/extraction/lib/isoparser-1.1.18.jar' to classloader
INFO  - 2016-10-24 18:32:44.143; [   ] org.apache.solr.core.SolrResourceLoader; Adding 'file:/Users/pparthasarathy/solr-6.2.1/contrib/extraction/lib/jackcess-2.1.3.jar' to classloader
INFO  - 2016-10-24 18:32:44.143; [   ] org.apache.solr.core.SolrResourceLoader; Adding 'file:/Users/pparthasarathy/solr-6.2.1/contrib/extraction/lib/java-libpst-0.8.1.jar' to classloader
INFO  - 2016-10-24 18:32:44.143; [   ] org.apache.solr.core.SolrResourceLoader; Adding 'file:/Users/pparthasarathy/solr-6.2.1/contrib/extraction/lib/jdom-1.0.jar' to classloader
INFO  - 2016-10-24 18:32:44.143; [   ] org.apache.solr.core.SolrResourceLoader; Adding 'file:/Users/pparthasarathy/solr-6.2.1/contrib/extraction/lib/jempbox-1.8.12.jar' to classloader
INFO  - 2016-10-24 18:32:44.143; [   ] org.apache.solr.core.SolrResourceLoader; Adding 'file:/Users/pparthasarathy/solr-6.2.1/contrib/extraction/lib/jmatio-1.0.jar' to classloader
INFO  - 2016-10-24 18:32:44.143; [   ] org.apache.solr.core.SolrResourceLoader; Adding 'file:/Users/pparthasarathy/solr-6.2.1/contrib/extraction/lib/juniversalchardet-1.0.3.jar' to classloader
INFO  - 2016-10-24 18:32:44.143; [   ] org.apache.solr.core.SolrResourceLoader; Adding 'file:/Users/pparthasarathy/solr-6.2.1/contrib/extraction/lib/metadata-extractor-2.8.1.jar' to classloader
INFO  - 2016-10-24 18:32:44.143; [   ] org.apache.solr.core.SolrResourceLoader; Adding 'file:/Users/pparthasarathy/solr-6.2.1/contrib/extraction/lib/pdfbox-2.0.1.jar' to classloader
INFO  - 2016-10-24 18:32:44.143; [   ] org.apache.solr.core.SolrResourceLoader; Adding 'file:/Users/pparthasarathy/solr-6.2.1/contrib/extraction/lib/pdfbox-tools-2.0.1.jar' to classloader
INFO  - 2016-10-24 18:32:44.143; [   ] org.apache.solr.core.SolrResourceLoader; Adding 'file:/Users/pparthasarathy/solr-6.2.1/contrib/extraction/lib/poi-3.15-beta1.jar' to classloader
INFO  - 2016-10-24 18:32:44.143; [   ] org.apache.solr.core.SolrResourceLoader; Adding 'file:/Users/pparthasarathy/solr-6.2.1/contrib/extraction/lib/poi-ooxml-3.15-beta1.jar' to classloader
INFO  - 2016-10-24 18:32:44.144; [   ] org.apache.solr.core.SolrResourceLoader; Adding 'file:/Users/pparthasarathy/solr-6.2.1/contrib/extraction/lib/poi-ooxml-schemas-3.15-beta1.jar' to classloader
INFO  - 2016-10-24 18:32:44.144; [   ] org.apache.solr.core.SolrResourceLoader; Adding 'file:/Users/pparthasarathy/solr-6.2.1/contrib/extraction/lib/poi-scratchpad-3.15-beta1.jar' to classloader
INFO  - 2016-10-24 18:32:44.144; [   ] org.apache.solr.core.SolrResourceLoader; Adding 'file:/Users/pparthasarathy/solr-6.2.1/contrib/extraction/lib/rome-1.0.jar' to classloader
INFO  - 2016-10-24 18:32:44.144; [   ] org.apache.solr.core.SolrResourceLoader; Adding 'file:/Users/pparthasarathy/solr-6.2.1/contrib/extraction/lib/tagsoup-1.2.1.jar' to classloader
INFO  - 2016-10-24 18:32:44.144; [   ] org.apache.solr.core.SolrResourceLoader; Adding 'file:/Users/pparthasarathy/solr-6.2.1/contrib/extraction/lib/tika-core-1.13.jar' to classloader
INFO  - 2016-10-24 18:32:44.144; [   ] org.apache.solr.core.SolrResourceLoader; Adding 'file:/Users/pparthasarathy/solr-6.2.1/contrib/extraction/lib/tika-java7-1.13.jar' to classloader
INFO  - 2016-10-24 18:32:44.144; [   ] org.apache.solr.core.SolrResourceLoader; Adding 'file:/Users/pparthasarathy/solr-6.2.1/contrib/extraction/lib/tika-parsers-1.13.jar' to classloader
INFO  - 2016-10-24 18:32:44.144; [   ] org.apache.solr.core.SolrResourceLoader; Adding 'file:/Users/pparthasarathy/solr-6.2.1/contrib/extraction/lib/tika-xmp-1.13.jar' to classloader
INFO  - 2016-10-24 18:32:44.144; [   ] org.apache.solr.core.SolrResourceLoader; Adding 'file:/Users/pparthasarathy/solr-6.2.1/contrib/extraction/lib/vorbis-java-core-0.8.jar' to classloader
INFO  - 2016-10-24 18:32:44.144; [   ] org.apache.solr.core.SolrResourceLoader; Adding 'file:/Users/pparthasarathy/solr-6.2.1/contrib/extraction/lib/vorbis-java-tika-0.8.jar' to classloader
INFO  - 2016-10-24 18:32:44.145; [   ] org.apache.solr.core.SolrResourceLoader; Adding 'file:/Users/pparthasarathy/solr-6.2.1/contrib/extraction/lib/xercesImpl-2.9.1.jar' to classloader
INFO  - 2016-10-24 18:32:44.145; [   ] org.apache.solr.core.SolrResourceLoader; Adding 'file:/Users/pparthasarathy/solr-6.2.1/contrib/extraction/lib/xmlbeans-2.6.0.jar' to classloader
INFO  - 2016-10-24 18:32:44.145; [   ] org.apache.solr.core.SolrResourceLoader; Adding 'file:/Users/pparthasarathy/solr-6.2.1/contrib/extraction/lib/xmpcore-5.1.2.jar' to classloader
INFO  - 2016-10-24 18:32:44.145; [   ] org.apache.solr.core.SolrResourceLoader; Adding 'file:/Users/pparthasarathy/solr-6.2.1/contrib/extraction/lib/xz-1.5.jar' to classloader
INFO  - 2016-10-24 18:32:44.145; [   ] org.apache.solr.core.SolrResourceLoader; Adding 'file:/Users/pparthasarathy/solr-6.2.1/dist/solr-cell-6.2.1.jar' to classloader
INFO  - 2016-10-24 18:32:44.145; [   ] org.apache.solr.core.SolrResourceLoader; Adding 'file:/Users/pparthasarathy/solr-6.2.1/contrib/clustering/lib/attributes-binder-1.3.1.jar' to classloader
INFO  - 2016-10-24 18:32:44.145; [   ] org.apache.solr.core.SolrResourceLoader; Adding 'file:/Users/pparthasarathy/solr-6.2.1/contrib/clustering/lib/carrot2-guava-18.0.jar' to classloader
INFO  - 2016-10-24 18:32:44.146; [   ] org.apache.solr.core.SolrResourceLoader; Adding 'file:/Users/pparthasarathy/solr-6.2.1/contrib/clustering/lib/carrot2-mini-3.12.0.jar' to classloader
INFO  - 2016-10-24 18:32:44.146; [   ] org.apache.solr.core.SolrResourceLoader; Adding 'file:/Users/pparthasarathy/solr-6.2.1/contrib/clustering/lib/jackson-annotations-2.5.4.jar' to classloader
INFO  - 2016-10-24 18:32:44.146; [   ] org.apache.solr.core.SolrResourceLoader; Adding 'file:/Users/pparthasarathy/solr-6.2.1/contrib/clustering/lib/jackson-databind-2.5.4.jar' to classloader
INFO  - 2016-10-24 18:32:44.146; [   ] org.apache.solr.core.SolrResourceLoader; Adding 'file:/Users/pparthasarathy/solr-6.2.1/contrib/clustering/lib/simple-xml-2.7.1.jar' to classloader
INFO  - 2016-10-24 18:32:44.146; [   ] org.apache.solr.core.SolrResourceLoader; Adding 'file:/Users/pparthasarathy/solr-6.2.1/dist/solr-clustering-6.2.1.jar' to classloader
INFO  - 2016-10-24 18:32:44.146; [   ] org.apache.solr.core.SolrResourceLoader; Adding 'file:/Users/pparthasarathy/solr-6.2.1/contrib/langid/lib/jsonic-1.2.7.jar' to classloader
INFO  - 2016-10-24 18:32:44.146; [   ] org.apache.solr.core.SolrResourceLoader; Adding 'file:/Users/pparthasarathy/solr-6.2.1/contrib/langid/lib/langdetect-1.1-20120112.jar' to classloader
INFO  - 2016-10-24 18:32:44.146; [   ] org.apache.solr.core.SolrResourceLoader; Adding 'file:/Users/pparthasarathy/solr-6.2.1/dist/solr-langid-6.2.1.jar' to classloader
INFO  - 2016-10-24 18:32:44.146; [   ] org.apache.solr.core.SolrResourceLoader; Adding 'file:/Users/pparthasarathy/solr-6.2.1/contrib/velocity/lib/commons-beanutils-1.8.3.jar' to classloader
INFO  - 2016-10-24 18:32:44.146; [   ] org.apache.solr.core.SolrResourceLoader; Adding 'file:/Users/pparthasarathy/solr-6.2.1/contrib/velocity/lib/commons-collections-3.2.2.jar' to classloader
INFO  - 2016-10-24 18:32:44.147; [   ] org.apache.solr.core.SolrResourceLoader; Adding 'file:/Users/pparthasarathy/solr-6.2.1/contrib/velocity/lib/velocity-1.7.jar' to classloader
INFO  - 2016-10-24 18:32:44.147; [   ] org.apache.solr.core.SolrResourceLoader; Adding 'file:/Users/pparthasarathy/solr-6.2.1/contrib/velocity/lib/velocity-tools-2.0.jar' to classloader
INFO  - 2016-10-24 18:32:44.147; [   ] org.apache.solr.core.SolrResourceLoader; Adding 'file:/Users/pparthasarathy/solr-6.2.1/dist/solr-velocity-6.2.1.jar' to classloader
INFO  - 2016-10-24 18:32:44.276; [   ] org.apache.solr.update.SolrIndexConfig; IndexWriter infoStream solr logging is enabled
INFO  - 2016-10-24 18:32:44.282; [   ] org.apache.solr.core.SolrConfig; Using Lucene MatchVersion: 6.2.1
INFO  - 2016-10-24 18:32:44.363; [   ] org.apache.solr.core.SolrConfig; Loaded SolrConfig: solrconfig.xml
INFO  - 2016-10-24 18:32:44.408; [   ] org.apache.solr.schema.IndexSchema; [techproducts] Schema name=example
INFO  - 2016-10-24 18:32:44.689; [   ] org.apache.solr.schema.IndexSchema; unique key field: id
INFO  - 2016-10-24 18:32:44.810; [   ] org.apache.solr.rest.RestManager$Registry; Registered ManagedResource impl org.apache.solr.rest.schema.analysis.ManagedWordSetResource for path /schema/analysis/stopwords/english
INFO  - 2016-10-24 18:32:44.811; [   ] org.apache.solr.rest.RestManager$Registry; Registered ManagedResource impl org.apache.solr.rest.schema.analysis.ManagedSynonymFilterFactory$SynonymManager for path /schema/analysis/synonyms/english
INFO  - 2016-10-24 18:32:44.816; [   ] org.apache.solr.schema.FileExchangeRateProvider; Reloading exchange rates from file currency.xml
INFO  - 2016-10-24 18:32:44.820; [   ] org.apache.solr.schema.FileExchangeRateProvider; Reloading exchange rates from file currency.xml
INFO  - 2016-10-24 18:32:44.823; [   ] org.apache.solr.rest.RestManager$Registry; Added observer of type org.apache.solr.rest.schema.analysis.ManagedStopFilterFactory to existing ManagedResource /schema/analysis/stopwords/english
INFO  - 2016-10-24 18:32:44.823; [   ] org.apache.solr.rest.RestManager$Registry; Added observer of type org.apache.solr.rest.schema.analysis.ManagedSynonymFilterFactory to existing ManagedResource /schema/analysis/synonyms/english
INFO  - 2016-10-24 18:32:44.856; [   ] org.apache.solr.core.ConfigSetProperties; Did not find ConfigSet properties, assuming default properties: Can't find resource 'configsetprops.json' in classpath or '/Users/pparthasarathy/solr-6.2.1/example/techproducts/solr/techproducts'
INFO  - 2016-10-24 18:32:44.856; [   ] org.apache.solr.core.CoreContainer; Creating SolrCore 'techproducts' using configuration from instancedir /Users/pparthasarathy/solr-6.2.1/example/techproducts/solr/techproducts
INFO  - 2016-10-24 18:32:44.872; [   x:techproducts] org.apache.solr.core.SolrCore; solr.NRTCachingDirectoryFactory
INFO  - 2016-10-24 18:32:44.881; [   x:techproducts] org.apache.solr.core.SolrCore; [[techproducts] ] Opening new SolrCore at [/Users/pparthasarathy/solr-6.2.1/example/techproducts/solr/techproducts], dataDir=[/Users/pparthasarathy/solr-6.2.1/example/techproducts/solr/techproducts/data/]
INFO  - 2016-10-24 18:32:44.883; [   x:techproducts] org.apache.solr.core.JmxMonitoredMap; No JMX servers found, not exposing Solr information with JMX.
INFO  - 2016-10-24 18:32:44.885; [   x:techproducts] org.apache.solr.core.SolrCore; [[techproducts] ] Added SolrEventListener for newSearcher: [org.apache.solr.core.QuerySenderListener{queries=[]}]
INFO  - 2016-10-24 18:32:44.885; [   x:techproducts] org.apache.solr.core.SolrCore; [[techproducts] ] Added SolrEventListener for firstSearcher: [org.apache.solr.core.QuerySenderListener{queries=[{q=static firstSearcher warming in solrconfig.xml}]}]
INFO  - 2016-10-24 18:32:44.896; [   x:techproducts] org.apache.solr.core.CachingDirectoryFactory; return new directory for /Users/pparthasarathy/solr-6.2.1/example/techproducts/solr/techproducts/data/snapshot_metadata
INFO  - 2016-10-24 18:32:44.897; [   x:techproducts] org.apache.solr.core.snapshots.SolrSnapshotMetaDataManager; Loading from snapshot metadata file...
INFO  - 2016-10-24 18:32:44.899; [   x:techproducts] org.apache.solr.core.SchemaCodecFactory; Using default compressionMode: BEST_SPEED
INFO  - 2016-10-24 18:32:44.901; [   x:techproducts] org.apache.solr.core.CachingDirectoryFactory; return new directory for /Users/pparthasarathy/solr-6.2.1/example/techproducts/solr/techproducts/data
INFO  - 2016-10-24 18:32:44.901; [   x:techproducts] org.apache.solr.core.SolrCore; New index directory detected: old=null new=/Users/pparthasarathy/solr-6.2.1/example/techproducts/solr/techproducts/data/index/
INFO  - 2016-10-24 18:32:44.901; [   x:techproducts] org.apache.solr.core.CachingDirectoryFactory; return new directory for /Users/pparthasarathy/solr-6.2.1/example/techproducts/solr/techproducts/data/index
INFO  - 2016-10-24 18:32:44.914; [   x:techproducts] org.apache.solr.core.SolrCore; Looking for old index directories to cleanup for core techproducts in /Users/pparthasarathy/solr-6.2.1/example/techproducts/solr/techproducts/data/
INFO  - 2016-10-24 18:32:44.916; [   x:techproducts] org.apache.solr.core.PluginBag; queryResponseWriter : 'velocity' created with startup=lazy 
INFO  - 2016-10-24 18:32:44.919; [   x:techproducts] org.apache.solr.response.XSLTResponseWriter; xsltCacheLifetimeSeconds=5
INFO  - 2016-10-24 18:32:45.001; [   x:techproducts] org.apache.solr.core.SolrCore; no updateRequestProcessorChain defined as default, creating implicit default
INFO  - 2016-10-24 18:32:45.021; [   x:techproducts] org.apache.solr.handler.loader.XMLLoader; xsltCacheLifetimeSeconds=60
INFO  - 2016-10-24 18:32:45.023; [   x:techproducts] org.apache.solr.handler.loader.XMLLoader; xsltCacheLifetimeSeconds=60
INFO  - 2016-10-24 18:32:45.023; [   x:techproducts] org.apache.solr.handler.loader.XMLLoader; xsltCacheLifetimeSeconds=60
INFO  - 2016-10-24 18:32:45.024; [   x:techproducts] org.apache.solr.handler.loader.XMLLoader; xsltCacheLifetimeSeconds=60
INFO  - 2016-10-24 18:32:45.079; [   x:techproducts] org.apache.solr.core.PluginBag; requestHandler : '/terms' created with startup=lazy 
INFO  - 2016-10-24 18:32:45.080; [   x:techproducts] org.apache.solr.core.PluginBag; requestHandler : '/update/extract' created with startup=lazy 
INFO  - 2016-10-24 18:32:45.080; [   x:techproducts] org.apache.solr.core.PluginBag; requestHandler : '/analysis/field' created with startup=lazy 
INFO  - 2016-10-24 18:32:45.080; [   x:techproducts] org.apache.solr.core.PluginBag; requestHandler : '/analysis/document' created with startup=lazy 
INFO  - 2016-10-24 18:32:45.081; [   x:techproducts] org.apache.solr.core.PluginBag; requestHandler : '/spell' created with startup=lazy 
INFO  - 2016-10-24 18:32:45.081; [   x:techproducts] org.apache.solr.core.PluginBag; requestHandler : '/suggest' created with startup=lazy 
INFO  - 2016-10-24 18:32:45.081; [   x:techproducts] org.apache.solr.core.PluginBag; requestHandler : '/tvrh' created with startup=lazy 
INFO  - 2016-10-24 18:32:45.082; [   x:techproducts] org.apache.solr.core.PluginBag; requestHandler : '/clustering' created with startup=lazy 
INFO  - 2016-10-24 18:32:45.082; [   x:techproducts] org.apache.solr.core.PluginBag; requestHandler : '/elevate' created with startup=lazy 
INFO  - 2016-10-24 18:32:45.082; [   x:techproducts] org.apache.solr.core.RequestHandlers; Registered paths: /admin/mbeans,/browse,/update/json/docs,/admin/luke,/export,/get,/admin/properties,/elevate,/clustering,/update/json,/admin/threads,/query,/analysis/field,/analysis/document,/spell,/update/csv,/sql,/graph,/tvrh,/select,/admin/segments,/admin/system,/suggest,/replication,/config,/stream,/schema,/admin/plugins,/admin/logging,/admin/ping,/update,/admin/file,/terms,/debug/dump,/update/extract
INFO  - 2016-10-24 18:32:45.082; [   x:techproducts] org.apache.solr.core.SolrCore; Using default statsCache cache: org.apache.solr.search.stats.LocalStatsCache
INFO  - 2016-10-24 18:32:45.100; [   x:techproducts] org.apache.solr.update.UpdateHandler; Using UpdateLog implementation: org.apache.solr.update.UpdateLog
INFO  - 2016-10-24 18:32:45.100; [   x:techproducts] org.apache.solr.update.UpdateLog; Initializing UpdateLog: dataDir= defaultSyncLevel=FLUSH numRecordsToKeep=100 maxNumLogsToKeep=10 numVersionBuckets=65536
INFO  - 2016-10-24 18:32:45.112; [   x:techproducts] org.apache.solr.update.CommitTracker; Hard AutoCommit: if uncommited for 15000ms; 
INFO  - 2016-10-24 18:32:45.113; [   x:techproducts] org.apache.solr.update.CommitTracker; Soft AutoCommit: disabled
INFO  - 2016-10-24 18:32:45.162; [   x:techproducts] org.apache.solr.core.SolrDeletionPolicy; SolrDeletionPolicy.onInit: commits: num=1
	commit{dir=NRTCachingDirectory(MMapDirectory@/Users/pparthasarathy/solr-6.2.1/example/techproducts/solr/techproducts/data/index lockFactory=org.apache.lucene.store.NativeFSLockFactory@4cc5887b; maxCacheMB=48.0 maxMergeSizeMB=4.0),segFN=segments_4,generation=4}
INFO  - 2016-10-24 18:32:45.162; [   x:techproducts] org.apache.solr.core.SolrDeletionPolicy; newest commit generation = 4
INFO  - 2016-10-24 18:32:45.229; [   x:techproducts] org.apache.solr.search.SolrIndexSearcher; Opening [Searcher@1080e64b[techproducts] main]
INFO  - 2016-10-24 18:32:45.235; [   x:techproducts] org.apache.solr.rest.ManagedResourceStorage$FileStorageIO; File-based storage initialized to use dir: /Users/pparthasarathy/solr-6.2.1/example/techproducts/solr/techproducts/conf
INFO  - 2016-10-24 18:32:45.235; [   x:techproducts] org.apache.solr.rest.RestManager; Initializing RestManager with initArgs: {storageDir=/Users/pparthasarathy/solr-6.2.1/example/techproducts/solr/techproducts/conf}
INFO  - 2016-10-24 18:32:45.237; [   x:techproducts] org.apache.solr.rest.ManagedResourceStorage; Reading _rest_managed.json using file:dir=/Users/pparthasarathy/solr-6.2.1/example/techproducts/solr/techproducts/conf
INFO  - 2016-10-24 18:32:45.238; [   x:techproducts] org.apache.solr.rest.ManagedResourceStorage; Loaded LinkedHashMap at path _rest_managed.json using file:dir=/Users/pparthasarathy/solr-6.2.1/example/techproducts/solr/techproducts/conf
INFO  - 2016-10-24 18:32:45.238; [   x:techproducts] org.apache.solr.rest.ManagedResource; Loaded initArgs {} for /rest/managed
INFO  - 2016-10-24 18:32:45.238; [   x:techproducts] org.apache.solr.rest.RestManager; Initializing 2 registered ManagedResources
INFO  - 2016-10-24 18:32:45.238; [   x:techproducts] org.apache.solr.rest.ManagedResourceStorage; Reading _schema_analysis_stopwords_english.json using file:dir=/Users/pparthasarathy/solr-6.2.1/example/techproducts/solr/techproducts/conf
INFO  - 2016-10-24 18:32:45.239; [   x:techproducts] org.apache.solr.rest.ManagedResourceStorage; Loaded LinkedHashMap at path _schema_analysis_stopwords_english.json using file:dir=/Users/pparthasarathy/solr-6.2.1/example/techproducts/solr/techproducts/conf
INFO  - 2016-10-24 18:32:45.239; [   x:techproducts] org.apache.solr.rest.ManagedResource; Loaded initArgs {ignoreCase=true} for /schema/analysis/stopwords/english
INFO  - 2016-10-24 18:32:45.239; [   x:techproducts] org.apache.solr.rest.schema.analysis.ManagedWordSetResource; Loaded 35 words for /schema/analysis/stopwords/english
INFO  - 2016-10-24 18:32:45.240; [   x:techproducts] org.apache.solr.rest.ManagedResource; Notified 2 observers of /schema/analysis/stopwords/english
INFO  - 2016-10-24 18:32:45.240; [   x:techproducts] org.apache.solr.rest.ManagedResourceStorage; Reading _schema_analysis_synonyms_english.json using file:dir=/Users/pparthasarathy/solr-6.2.1/example/techproducts/solr/techproducts/conf
INFO  - 2016-10-24 18:32:45.240; [   x:techproducts] org.apache.solr.rest.ManagedResourceStorage; Loaded LinkedHashMap at path _schema_analysis_synonyms_english.json using file:dir=/Users/pparthasarathy/solr-6.2.1/example/techproducts/solr/techproducts/conf
INFO  - 2016-10-24 18:32:45.240; [   x:techproducts] org.apache.solr.rest.ManagedResource; Loaded initArgs {ignoreCase=true,format=solr} for /schema/analysis/synonyms/english
INFO  - 2016-10-24 18:32:45.241; [   x:techproducts] org.apache.solr.rest.schema.analysis.ManagedSynonymFilterFactory$SynonymManager; Loaded 3 synonym mappings for /schema/analysis/synonyms/english
INFO  - 2016-10-24 18:32:45.242; [   x:techproducts] org.apache.solr.rest.ManagedResource; Notified 2 observers of /schema/analysis/synonyms/english
INFO  - 2016-10-24 18:32:45.247; [   x:techproducts] org.apache.solr.handler.component.SpellCheckComponent; Initializing spell checkers
INFO  - 2016-10-24 18:32:45.251; [   x:techproducts] org.apache.solr.spelling.DirectSolrSpellChecker; init: {name=default,field=text,classname=solr.DirectSolrSpellChecker,distanceMeasure=internal,accuracy=0.5,maxEdits=2,minPrefix=1,maxInspections=5,minQueryLength=4,maxQueryFrequency=0.01}
INFO  - 2016-10-24 18:32:45.255; [   x:techproducts] org.apache.solr.handler.component.SpellCheckComponent; No queryConverter defined, using default converter
INFO  - 2016-10-24 18:32:45.256; [   x:techproducts] org.apache.solr.handler.component.SuggestComponent; Initializing SuggestComponent
INFO  - 2016-10-24 18:32:45.258; [   x:techproducts] org.apache.solr.spelling.suggest.SolrSuggester; init: {name=mySuggester,lookupImpl=FuzzyLookupFactory,dictionaryImpl=DocumentDictionaryFactory,field=user_id,weightField=user_location_region,suggestAnalyzerFieldType=string,buildOnStartup=false}
INFO  - 2016-10-24 18:32:45.269; [   x:techproducts] org.apache.solr.spelling.suggest.SolrSuggester; Dictionary loaded with params: {name=mySuggester,lookupImpl=FuzzyLookupFactory,dictionaryImpl=DocumentDictionaryFactory,field=user_id,weightField=user_location_region,suggestAnalyzerFieldType=string,buildOnStartup=false}
INFO  - 2016-10-24 18:32:45.269; [   x:techproducts] org.apache.solr.handler.clustering.ClusteringComponent; Initializing Clustering Engines
INFO  - 2016-10-24 18:32:45.301; [   x:techproducts] org.apache.solr.handler.clustering.carrot2.CarrotClusteringEngine; Initializing Clustering Engine 'lingo3g'
INFO  - 2016-10-24 18:32:45.309; [   x:techproducts] org.apache.solr.handler.clustering.ClusteringComponent; Optional clustering engine not available: lingo3g
INFO  - 2016-10-24 18:32:45.314; [   x:techproducts] org.apache.solr.handler.clustering.carrot2.CarrotClusteringEngine; Initializing Clustering Engine 'lingo'
INFO  - 2016-10-24 18:32:45.318; [   x:techproducts] org.apache.solr.handler.clustering.carrot2.SolrResourceLocator; Loaded Solr resource: clustering/carrot2/lingo-attributes.xml
INFO  - 2016-10-24 18:32:45.460; [   x:techproducts] org.apache.solr.handler.clustering.carrot2.CarrotClusteringEngine; Initializing Clustering Engine 'stc'
INFO  - 2016-10-24 18:32:45.461; [   x:techproducts] org.apache.solr.handler.clustering.carrot2.SolrResourceLocator; Loaded Solr resource: clustering/carrot2/stc-attributes.xml
INFO  - 2016-10-24 18:32:45.470; [   x:techproducts] org.apache.solr.handler.clustering.carrot2.CarrotClusteringEngine; Initializing Clustering Engine 'kmeans'
INFO  - 2016-10-24 18:32:45.471; [   x:techproducts] org.apache.solr.handler.clustering.carrot2.SolrResourceLocator; Loaded Solr resource: clustering/carrot2/kmeans-attributes.xml
INFO  - 2016-10-24 18:32:45.473; [   x:techproducts] org.apache.solr.handler.clustering.ClusteringComponent; Default engine for search results clustering: lingo [CarrotClusteringEngine]
WARN  - 2016-10-24 18:32:45.473; [   x:techproducts] org.apache.solr.handler.clustering.ClusteringComponent; No default engine for document clustering.
INFO  - 2016-10-24 18:32:45.473; [   x:techproducts] org.apache.solr.handler.clustering.ClusteringComponent; Finished Initializing Clustering Engines
INFO  - 2016-10-24 18:32:45.473; [   x:techproducts] org.apache.solr.handler.component.QueryElevationComponent; Loading QueryElevation from: /Users/pparthasarathy/solr-6.2.1/example/techproducts/solr/techproducts/conf/elevate.xml
INFO  - 2016-10-24 18:32:45.480; [   x:techproducts] org.apache.solr.handler.ReplicationHandler; Commits will be reserved for  10000
INFO  - 2016-10-24 18:32:45.490; [   x:techproducts] org.apache.solr.core.QuerySenderListener; QuerySenderListener sending requests to Searcher@1080e64b[techproducts] main{ExitableDirectoryReader(UninvertingDirectoryReader(Uninverting(_0(6.2.1):C180233/1:delGen=1) Uninverting(_1(6.2.1):C178539) Uninverting(_2(6.2.1):C42417) Uninverting(_3(6.2.1):C200652) Uninverting(_4(6.2.1):C204898) Uninverting(_5(6.2.1):C8173) Uninverting(_6(6.2.1):C208186) Uninverting(_7(6.2.1):C25477)))}
INFO  - 2016-10-24 18:32:45.491; [   x:techproducts] org.apache.solr.update.UpdateLog; Looking up max value of version field to seed version buckets
INFO  - 2016-10-24 18:32:45.492; [   x:techproducts] org.apache.solr.update.VersionInfo; Refreshing highest value of _version_ for 65536 version buckets from index
INFO  - 2016-10-24 18:32:45.510; [   x:techproducts] org.apache.solr.update.VersionInfo; Found MAX value 1549096749532971040 from Terms for _version_ in index
INFO  - 2016-10-24 18:32:45.515; [   x:techproducts] org.apache.solr.update.UpdateLog; Took 23.0ms to seed version buckets with highest version 1549096749532971040
INFO  - 2016-10-24 18:32:45.515; [   x:techproducts] org.apache.solr.core.CoreContainer; registering core: techproducts
INFO  - 2016-10-24 18:32:45.542; [   x:techproducts] org.apache.solr.core.SolrCore; [techproducts]  webapp=null path=null params={q=static+firstSearcher+warming+in+solrconfig.xml&distrib=false&event=firstSearcher} hits=3 status=0 QTime=49
INFO  - 2016-10-24 18:32:45.550; [   x:techproducts] org.apache.solr.core.QuerySenderListener; QuerySenderListener done.
INFO  - 2016-10-24 18:32:45.550; [   x:techproducts] org.apache.solr.handler.component.SpellCheckComponent$SpellCheckerListener; Loading spell index for spellchecker: default
INFO  - 2016-10-24 18:32:45.551; [   x:techproducts] org.apache.solr.handler.component.SpellCheckComponent$SpellCheckerListener; Loading spell index for spellchecker: wordbreak
INFO  - 2016-10-24 18:32:45.551; [   x:techproducts] org.apache.solr.core.SolrCore; [techproducts] Registered new searcher Searcher@1080e64b[techproducts] main{ExitableDirectoryReader(UninvertingDirectoryReader(Uninverting(_0(6.2.1):C180233/1:delGen=1) Uninverting(_1(6.2.1):C178539) Uninverting(_2(6.2.1):C42417) Uninverting(_3(6.2.1):C200652) Uninverting(_4(6.2.1):C204898) Uninverting(_5(6.2.1):C8173) Uninverting(_6(6.2.1):C208186) Uninverting(_7(6.2.1):C25477)))}
INFO  - 2016-10-24 18:32:48.970; [   ] org.apache.solr.servlet.HttpSolrCall; [admin] webapp=null path=/admin/info/system params={wt=json} status=0 QTime=26
INFO  - 2016-10-24 18:32:49.017; [   ] org.apache.solr.servlet.HttpSolrCall; [admin] webapp=null path=/admin/cores params={core=techproducts&action=STATUS&wt=json} status=0 QTime=2
INFO  - 2016-10-24 18:32:53.384; [   x:techproducts] org.apache.solr.core.SolrCore; [techproducts]  webapp=/solr path=/browse params={} hits=1048574 status=0 QTime=408
INFO  - 2016-10-24 18:32:53.384; [   x:techproducts] org.apache.solr.core.PluginBag$LazyPluginHolder; Going to create a new queryResponseWriter with {type = queryResponseWriter,name = velocity,class = solr.VelocityResponseWriter,args = {template.base.dir=}} 
ERROR - 2016-10-24 18:32:53.578; [   x:techproducts] org.apache.solr.response.SolrVelocityLogger; Left side ($collations.size()) of '>' operation has null value at did_you_mean.vm[line 6, column 25]
INFO  - 2016-10-24 18:32:53.695; [   x:techproducts] org.apache.solr.core.SolrCore; [techproducts]  webapp=/solr path=/admin/file params={file=/velocity/main.css&contentType=text/css} status=0 QTime=0
INFO  - 2016-10-24 18:32:53.696; [   x:techproducts] org.apache.solr.core.SolrCore; [techproducts]  webapp=/solr path=/admin/file params={file=/velocity/jquery.autocomplete.css&contentType=text/css} status=0 QTime=1
INFO  - 2016-10-24 18:32:53.696; [   x:techproducts] org.apache.solr.core.SolrCore; [techproducts]  webapp=/solr path=/admin/file params={file=/velocity/jquery.autocomplete.js&contentType=text/javascript} status=0 QTime=0
INFO  - 2016-10-24 18:32:53.714; [   x:techproducts] org.apache.solr.core.PluginBag$LazyPluginHolder; Going to create a new requestHandler with {type = requestHandler,name = /clustering,class = solr.SearchHandler,args = {defaults={clustering=true,clustering.results=true,carrot.title=name,carrot.url=id,carrot.snippet=features,carrot.produceSummary=true,carrot.outputSubClusters=false,defType=edismax,qf=
        text^0.5 features^1.0 name^1.2 sku^1.5 id^10.0 manu^1.1 cat^1.4
      ,q.alt=*:*,rows=100,fl=*,score},last-components=[clustering]}} 
INFO  - 2016-10-24 18:32:54.100; [   x:techproducts] org.apache.solr.core.SolrCore; [techproducts]  webapp=/solr path=/clustering params={q=&v.template=cluster_results&wt=velocity} hits=1048574 status=0 QTime=386
