Java HotSpot(TM) 64-Bit Server VM (25.92-b14) for bsd-amd64 JRE (1.8.0_92-b14), built on Mar 31 2016 21:23:14 by "java_re" with gcc 4.2.1 (Based on Apple Inc. build 5658) (LLVM build 2336.11.00)
Memory: 4k page, physical 16777216k(481832k free)

/proc/meminfo:

CommandLine flags: -XX:CMSInitiatingOccupancyFraction=50 -XX:CMSMaxAbortablePrecleanTime=6000 -XX:+CMSParallelRemarkEnabled -XX:+CMSScavengeBeforeRemark -XX:ConcGCThreads=4 -XX:InitialHeapSize=536870912 -XX:MaxHeapSize=536870912 -XX:MaxTenuringThreshold=8 -XX:NewRatio=3 -XX:OldPLABSize=16 -XX:OnOutOfMemoryError=/Users/pparthasarathy/solr-6.2.1/bin/oom_solr.sh 8983 /Users/pparthasarathy/solr-6.2.1/example/techproducts/solr/../logs -XX:ParallelGCThreads=4 -XX:+ParallelRefProcEnabled -XX:PretenureSizeThreshold=67108864 -XX:+PrintGC -XX:+PrintGCApplicationStoppedTime -XX:+PrintGCDateStamps -XX:+PrintGCDetails -XX:+PrintGCTimeStamps -XX:+PrintHeapAtGC -XX:+PrintTenuringDistribution -XX:SurvivorRatio=4 -XX:TargetSurvivorRatio=90 -XX:ThreadStackSize=256 -XX:+UseCMSInitiatingOccupancyOnly -XX:+UseCompressedClassPointers -XX:+UseCompressedOops -XX:+UseConcMarkSweepGC -XX:+UseParNewGC 
2016-10-23T21:59:41.154+0800: 0.120: Total time for which application threads were stopped: 0.0000938 seconds, Stopping threads took: 0.0000139 seconds
2016-10-23T21:59:41.210+0800: 0.176: Total time for which application threads were stopped: 0.0000876 seconds, Stopping threads took: 0.0000108 seconds
2016-10-23T21:59:41.442+0800: 0.408: Total time for which application threads were stopped: 0.0001578 seconds, Stopping threads took: 0.0000101 seconds
2016-10-23T21:59:41.481+0800: 0.447: Total time for which application threads were stopped: 0.0001572 seconds, Stopping threads took: 0.0000133 seconds
2016-10-23T21:59:41.492+0800: 0.458: Total time for which application threads were stopped: 0.0001373 seconds, Stopping threads took: 0.0000134 seconds
2016-10-23T21:59:41.656+0800: 0.622: Total time for which application threads were stopped: 0.0001899 seconds, Stopping threads took: 0.0000209 seconds
2016-10-23T21:59:41.782+0800: 0.748: Total time for which application threads were stopped: 0.0002155 seconds, Stopping threads took: 0.0000126 seconds
2016-10-23T21:59:41.783+0800: 0.748: Total time for which application threads were stopped: 0.0000847 seconds, Stopping threads took: 0.0000074 seconds
2016-10-23T21:59:41.784+0800: 0.750: Total time for which application threads were stopped: 0.0000812 seconds, Stopping threads took: 0.0000063 seconds
2016-10-23T21:59:41.791+0800: 0.757: Total time for which application threads were stopped: 0.0001129 seconds, Stopping threads took: 0.0000081 seconds
2016-10-23T21:59:42.796+0800: 1.762: Total time for which application threads were stopped: 0.0002759 seconds, Stopping threads took: 0.0000520 seconds
2016-10-23T21:59:45.131+0800: 4.097: Total time for which application threads were stopped: 0.0002207 seconds, Stopping threads took: 0.0000362 seconds
2016-10-23T21:59:46.821+0800: 5.787: Total time for which application threads were stopped: 0.0000627 seconds, Stopping threads took: 0.0000238 seconds
2016-10-23T21:59:46.825+0800: 5.791: Total time for which application threads were stopped: 0.0000491 seconds, Stopping threads took: 0.0000136 seconds
2016-10-23T21:59:46.837+0800: 5.804: Total time for which application threads were stopped: 0.0002162 seconds, Stopping threads took: 0.0000240 seconds
2016-10-23T21:59:46.862+0800: 5.828: Total time for which application threads were stopped: 0.0000851 seconds, Stopping threads took: 0.0000252 seconds
2016-10-23T21:59:46.867+0800: 5.833: Total time for which application threads were stopped: 0.0002218 seconds, Stopping threads took: 0.0000225 seconds
{Heap before GC invocations=0 (full 0):
 par new generation   total 109248K, used 87424K [0x00000007a0000000, 0x00000007a8000000, 0x00000007a8000000)
  eden space 87424K, 100% used [0x00000007a0000000, 0x00000007a5560000, 0x00000007a5560000)
  from space 21824K,   0% used [0x00000007a5560000, 0x00000007a5560000, 0x00000007a6ab0000)
  to   space 21824K,   0% used [0x00000007a6ab0000, 0x00000007a6ab0000, 0x00000007a8000000)
 concurrent mark-sweep generation total 393216K, used 0K [0x00000007a8000000, 0x00000007c0000000, 0x00000007c0000000)
 Metaspace       used 18402K, capacity 18710K, committed 18944K, reserved 1067008K
  class space    used 2181K, capacity 2296K, committed 2304K, reserved 1048576K
2016-10-23T21:59:46.882+0800: 5.848: [GC (Allocation Failure) 2016-10-23T21:59:46.882+0800: 5.848: [ParNew
Desired survivor size 20112992 bytes, new threshold 8 (max 8)
- age   1:   11219416 bytes,   11219416 total
: 87424K->11077K(109248K), 0.0111883 secs] 87424K->11077K(502464K), 0.0112601 secs] [Times: user=0.03 sys=0.01, real=0.01 secs] 
Heap after GC invocations=1 (full 0):
 par new generation   total 109248K, used 11077K [0x00000007a0000000, 0x00000007a8000000, 0x00000007a8000000)
  eden space 87424K,   0% used [0x00000007a0000000, 0x00000007a0000000, 0x00000007a5560000)
  from space 21824K,  50% used [0x00000007a6ab0000, 0x00000007a75817f0, 0x00000007a8000000)
  to   space 21824K,   0% used [0x00000007a5560000, 0x00000007a5560000, 0x00000007a6ab0000)
 concurrent mark-sweep generation total 393216K, used 0K [0x00000007a8000000, 0x00000007c0000000, 0x00000007c0000000)
 Metaspace       used 18402K, capacity 18710K, committed 18944K, reserved 1067008K
  class space    used 2181K, capacity 2296K, committed 2304K, reserved 1048576K
}
2016-10-23T21:59:46.893+0800: 5.859: Total time for which application threads were stopped: 0.0115064 seconds, Stopping threads took: 0.0000225 seconds
2016-10-23T21:59:46.927+0800: 5.894: Total time for which application threads were stopped: 0.0002393 seconds, Stopping threads took: 0.0000152 seconds
2016-10-23T21:59:46.929+0800: 5.895: Total time for which application threads were stopped: 0.0000572 seconds, Stopping threads took: 0.0000097 seconds
2016-10-23T21:59:46.929+0800: 5.895: Total time for which application threads were stopped: 0.0000728 seconds, Stopping threads took: 0.0000193 seconds
2016-10-23T21:59:46.929+0800: 5.895: Total time for which application threads were stopped: 0.0000631 seconds, Stopping threads took: 0.0000201 seconds
2016-10-23T21:59:46.929+0800: 5.895: Total time for which application threads were stopped: 0.0000888 seconds, Stopping threads took: 0.0000175 seconds
2016-10-23T21:59:46.929+0800: 5.895: Total time for which application threads were stopped: 0.0000601 seconds, Stopping threads took: 0.0000187 seconds
2016-10-23T21:59:46.929+0800: 5.895: Total time for which application threads were stopped: 0.0000725 seconds, Stopping threads took: 0.0000209 seconds
2016-10-23T21:59:46.935+0800: 5.901: Total time for which application threads were stopped: 0.0001020 seconds, Stopping threads took: 0.0000443 seconds
2016-10-23T21:59:46.935+0800: 5.901: Total time for which application threads were stopped: 0.0000555 seconds, Stopping threads took: 0.0000182 seconds
2016-10-23T21:59:46.935+0800: 5.901: Total time for which application threads were stopped: 0.0000470 seconds, Stopping threads took: 0.0000137 seconds
2016-10-23T21:59:46.935+0800: 5.901: Total time for which application threads were stopped: 0.0000553 seconds, Stopping threads took: 0.0000142 seconds
2016-10-23T21:59:46.935+0800: 5.901: Total time for which application threads were stopped: 0.0000672 seconds, Stopping threads took: 0.0000320 seconds
2016-10-23T21:59:46.981+0800: 5.947: Total time for which application threads were stopped: 0.0000918 seconds, Stopping threads took: 0.0000316 seconds
2016-10-23T21:59:46.982+0800: 5.948: Total time for which application threads were stopped: 0.0000507 seconds, Stopping threads took: 0.0000086 seconds
2016-10-23T21:59:46.984+0800: 5.950: Total time for which application threads were stopped: 0.0000539 seconds, Stopping threads took: 0.0000112 seconds
2016-10-23T21:59:46.984+0800: 5.950: Total time for which application threads were stopped: 0.0000506 seconds, Stopping threads took: 0.0000206 seconds
2016-10-23T21:59:46.985+0800: 5.952: Total time for which application threads were stopped: 0.0000579 seconds, Stopping threads took: 0.0000122 seconds
2016-10-23T21:59:46.986+0800: 5.952: Total time for which application threads were stopped: 0.0000428 seconds, Stopping threads took: 0.0000072 seconds
2016-10-23T21:59:46.987+0800: 5.953: Total time for which application threads were stopped: 0.0000821 seconds, Stopping threads took: 0.0000268 seconds
2016-10-23T21:59:46.988+0800: 5.954: Total time for which application threads were stopped: 0.0000568 seconds, Stopping threads took: 0.0000247 seconds
2016-10-23T21:59:46.990+0800: 5.956: Total time for which application threads were stopped: 0.0000368 seconds, Stopping threads took: 0.0000078 seconds
2016-10-23T21:59:46.990+0800: 5.956: Total time for which application threads were stopped: 0.0000287 seconds, Stopping threads took: 0.0000060 seconds
2016-10-23T21:59:46.991+0800: 5.957: Total time for which application threads were stopped: 0.0000386 seconds, Stopping threads took: 0.0000071 seconds
2016-10-23T21:59:46.991+0800: 5.957: Total time for which application threads were stopped: 0.0000355 seconds, Stopping threads took: 0.0000068 seconds
2016-10-23T21:59:46.991+0800: 5.957: Total time for which application threads were stopped: 0.0000876 seconds, Stopping threads took: 0.0000052 seconds
2016-10-23T21:59:46.992+0800: 5.958: Total time for which application threads were stopped: 0.0000620 seconds, Stopping threads took: 0.0000214 seconds
2016-10-23T21:59:46.992+0800: 5.958: Total time for which application threads were stopped: 0.0000478 seconds, Stopping threads took: 0.0000182 seconds
2016-10-23T21:59:46.992+0800: 5.958: Total time for which application threads were stopped: 0.0000484 seconds, Stopping threads took: 0.0000081 seconds
2016-10-23T21:59:46.992+0800: 5.958: Total time for which application threads were stopped: 0.0000604 seconds, Stopping threads took: 0.0000344 seconds
2016-10-23T21:59:46.992+0800: 5.958: Total time for which application threads were stopped: 0.0000713 seconds, Stopping threads took: 0.0000259 seconds
2016-10-23T21:59:46.992+0800: 5.958: Total time for which application threads were stopped: 0.0000469 seconds, Stopping threads took: 0.0000189 seconds
2016-10-23T21:59:46.993+0800: 5.959: Total time for which application threads were stopped: 0.0000389 seconds, Stopping threads took: 0.0000077 seconds
2016-10-23T21:59:46.993+0800: 5.959: Total time for which application threads were stopped: 0.0000293 seconds, Stopping threads took: 0.0000060 seconds
2016-10-23T21:59:46.993+0800: 5.959: Total time for which application threads were stopped: 0.0000484 seconds, Stopping threads took: 0.0000202 seconds
2016-10-23T21:59:46.993+0800: 5.959: Total time for which application threads were stopped: 0.0000461 seconds, Stopping threads took: 0.0000167 seconds
2016-10-23T21:59:46.993+0800: 5.959: Total time for which application threads were stopped: 0.0000461 seconds, Stopping threads took: 0.0000158 seconds
2016-10-23T21:59:46.993+0800: 5.959: Total time for which application threads were stopped: 0.0000435 seconds, Stopping threads took: 0.0000170 seconds
2016-10-23T21:59:46.993+0800: 5.959: Total time for which application threads were stopped: 0.0000406 seconds, Stopping threads took: 0.0000164 seconds
2016-10-23T21:59:46.993+0800: 5.959: Total time for which application threads were stopped: 0.0000380 seconds, Stopping threads took: 0.0000152 seconds
2016-10-23T21:59:46.994+0800: 5.960: Total time for which application threads were stopped: 0.0000519 seconds, Stopping threads took: 0.0000167 seconds
2016-10-23T21:59:46.994+0800: 5.960: Total time for which application threads were stopped: 0.0000347 seconds, Stopping threads took: 0.0000068 seconds
2016-10-23T21:59:46.994+0800: 5.960: Total time for which application threads were stopped: 0.0000305 seconds, Stopping threads took: 0.0000062 seconds
2016-10-23T21:59:46.994+0800: 5.960: Total time for which application threads were stopped: 0.0000669 seconds, Stopping threads took: 0.0000403 seconds
2016-10-23T21:59:46.998+0800: 5.964: Total time for which application threads were stopped: 0.0000442 seconds, Stopping threads took: 0.0000087 seconds
2016-10-23T21:59:46.998+0800: 5.964: Total time for which application threads were stopped: 0.0000512 seconds, Stopping threads took: 0.0000173 seconds
2016-10-23T21:59:46.998+0800: 5.964: Total time for which application threads were stopped: 0.0000443 seconds, Stopping threads took: 0.0000087 seconds
2016-10-23T21:59:46.998+0800: 5.964: Total time for which application threads were stopped: 0.0000294 seconds, Stopping threads took: 0.0000038 seconds
2016-10-23T21:59:46.998+0800: 5.964: Total time for which application threads were stopped: 0.0000493 seconds, Stopping threads took: 0.0000051 seconds
2016-10-23T21:59:47.002+0800: 5.968: Total time for which application threads were stopped: 0.0000519 seconds, Stopping threads took: 0.0000120 seconds
2016-10-23T21:59:47.002+0800: 5.968: Total time for which application threads were stopped: 0.0000543 seconds, Stopping threads took: 0.0000212 seconds
2016-10-23T21:59:47.002+0800: 5.968: Total time for which application threads were stopped: 0.0000515 seconds, Stopping threads took: 0.0000213 seconds
2016-10-23T21:59:47.002+0800: 5.969: Total time for which application threads were stopped: 0.0000442 seconds, Stopping threads took: 0.0000083 seconds
2016-10-23T21:59:47.003+0800: 5.969: Total time for which application threads were stopped: 0.0000562 seconds, Stopping threads took: 0.0000206 seconds
2016-10-23T21:59:47.010+0800: 5.976: Total time for which application threads were stopped: 0.0000821 seconds, Stopping threads took: 0.0000179 seconds
2016-10-23T21:59:47.010+0800: 5.976: Total time for which application threads were stopped: 0.0000542 seconds, Stopping threads took: 0.0000248 seconds
2016-10-23T21:59:47.011+0800: 5.977: Total time for which application threads were stopped: 0.0000586 seconds, Stopping threads took: 0.0000205 seconds
2016-10-23T21:59:47.011+0800: 5.977: Total time for which application threads were stopped: 0.0000499 seconds, Stopping threads took: 0.0000176 seconds
2016-10-23T21:59:47.011+0800: 5.977: Total time for which application threads were stopped: 0.0000343 seconds, Stopping threads took: 0.0000070 seconds
2016-10-23T21:59:47.011+0800: 5.977: Total time for which application threads were stopped: 0.0000299 seconds, Stopping threads took: 0.0000071 seconds
2016-10-23T21:59:47.011+0800: 5.978: Total time for which application threads were stopped: 0.0000560 seconds, Stopping threads took: 0.0000081 seconds
2016-10-23T21:59:47.012+0800: 5.978: Total time for which application threads were stopped: 0.0000403 seconds, Stopping threads took: 0.0000086 seconds
2016-10-23T21:59:47.012+0800: 5.978: Total time for which application threads were stopped: 0.0000335 seconds, Stopping threads took: 0.0000071 seconds
2016-10-23T21:59:47.012+0800: 5.978: Total time for which application threads were stopped: 0.0000295 seconds, Stopping threads took: 0.0000060 seconds
2016-10-23T21:59:47.012+0800: 5.978: Total time for which application threads were stopped: 0.0000281 seconds, Stopping threads took: 0.0000056 seconds
2016-10-23T21:59:47.012+0800: 5.978: Total time for which application threads were stopped: 0.0000282 seconds, Stopping threads took: 0.0000055 seconds
2016-10-23T21:59:47.013+0800: 5.979: Total time for which application threads were stopped: 0.0000334 seconds, Stopping threads took: 0.0000069 seconds
2016-10-23T21:59:47.013+0800: 5.979: Total time for which application threads were stopped: 0.0000592 seconds, Stopping threads took: 0.0000304 seconds
2016-10-23T21:59:47.013+0800: 5.979: Total time for which application threads were stopped: 0.0000462 seconds, Stopping threads took: 0.0000167 seconds
2016-10-23T21:59:47.013+0800: 5.979: Total time for which application threads were stopped: 0.0000310 seconds, Stopping threads took: 0.0000064 seconds
2016-10-23T21:59:47.013+0800: 5.979: Total time for which application threads were stopped: 0.0000438 seconds, Stopping threads took: 0.0000099 seconds
2016-10-23T21:59:47.013+0800: 5.979: Total time for which application threads were stopped: 0.0000385 seconds, Stopping threads took: 0.0000085 seconds
2016-10-23T21:59:47.013+0800: 5.979: Total time for which application threads were stopped: 0.0000445 seconds, Stopping threads took: 0.0000187 seconds
2016-10-23T21:59:47.014+0800: 5.980: Total time for which application threads were stopped: 0.0000929 seconds, Stopping threads took: 0.0000180 seconds
2016-10-23T21:59:47.014+0800: 5.980: Total time for which application threads were stopped: 0.0000288 seconds, Stopping threads took: 0.0000061 seconds
2016-10-23T21:59:47.014+0800: 5.980: Total time for which application threads were stopped: 0.0000277 seconds, Stopping threads took: 0.0000056 seconds
2016-10-23T21:59:47.014+0800: 5.980: Total time for which application threads were stopped: 0.0000546 seconds, Stopping threads took: 0.0000052 seconds
2016-10-23T21:59:47.018+0800: 5.984: Total time for which application threads were stopped: 0.0000540 seconds, Stopping threads took: 0.0000180 seconds
2016-10-23T21:59:47.018+0800: 5.984: Total time for which application threads were stopped: 0.0000378 seconds, Stopping threads took: 0.0000072 seconds
2016-10-23T21:59:47.022+0800: 5.988: Total time for which application threads were stopped: 0.0000469 seconds, Stopping threads took: 0.0000087 seconds
2016-10-23T21:59:47.022+0800: 5.988: Total time for which application threads were stopped: 0.0000558 seconds, Stopping threads took: 0.0000195 seconds
2016-10-23T21:59:47.086+0800: 6.052: Total time for which application threads were stopped: 0.0002347 seconds, Stopping threads took: 0.0000164 seconds
2016-10-23T21:59:47.143+0800: 6.109: Total time for which application threads were stopped: 0.0003091 seconds, Stopping threads took: 0.0000590 seconds
2016-10-23T21:59:47.157+0800: 6.123: Total time for which application threads were stopped: 0.0000614 seconds, Stopping threads took: 0.0000135 seconds
2016-10-23T21:59:47.179+0800: 6.145: Total time for which application threads were stopped: 0.0001093 seconds, Stopping threads took: 0.0000448 seconds
2016-10-23T21:59:47.187+0800: 6.153: Total time for which application threads were stopped: 0.0000581 seconds, Stopping threads took: 0.0000130 seconds
2016-10-23T21:59:47.192+0800: 6.158: Total time for which application threads were stopped: 0.0000886 seconds, Stopping threads took: 0.0000264 seconds
2016-10-23T21:59:47.196+0800: 6.162: Total time for which application threads were stopped: 0.0000575 seconds, Stopping threads took: 0.0000092 seconds
2016-10-23T21:59:47.201+0800: 6.167: Total time for which application threads were stopped: 0.0000583 seconds, Stopping threads took: 0.0000201 seconds
2016-10-23T21:59:47.202+0800: 6.169: Total time for which application threads were stopped: 0.0000568 seconds, Stopping threads took: 0.0000078 seconds
2016-10-23T21:59:47.206+0800: 6.172: Total time for which application threads were stopped: 0.0000973 seconds, Stopping threads took: 0.0000069 seconds
2016-10-23T21:59:47.231+0800: 6.197: Total time for which application threads were stopped: 0.0001377 seconds, Stopping threads took: 0.0000364 seconds
2016-10-23T21:59:47.284+0800: 6.250: Total time for which application threads were stopped: 0.0000894 seconds, Stopping threads took: 0.0000163 seconds
2016-10-23T21:59:47.291+0800: 6.257: Total time for which application threads were stopped: 0.0002602 seconds, Stopping threads took: 0.0000428 seconds
2016-10-23T21:59:47.314+0800: 6.280: Total time for which application threads were stopped: 0.0002061 seconds, Stopping threads took: 0.0000114 seconds
2016-10-23T21:59:47.329+0800: 6.296: Total time for which application threads were stopped: 0.0001685 seconds, Stopping threads took: 0.0000789 seconds
2016-10-23T21:59:47.391+0800: 6.357: Total time for which application threads were stopped: 0.0001511 seconds, Stopping threads took: 0.0000184 seconds
2016-10-23T21:59:47.396+0800: 6.362: Total time for which application threads were stopped: 0.0003234 seconds, Stopping threads took: 0.0000224 seconds
2016-10-23T21:59:47.425+0800: 6.391: Total time for which application threads were stopped: 0.0001022 seconds, Stopping threads took: 0.0000256 seconds
{Heap before GC invocations=1 (full 0):
 par new generation   total 109248K, used 98501K [0x00000007a0000000, 0x00000007a8000000, 0x00000007a8000000)
  eden space 87424K, 100% used [0x00000007a0000000, 0x00000007a5560000, 0x00000007a5560000)
  from space 21824K,  50% used [0x00000007a6ab0000, 0x00000007a75817f0, 0x00000007a8000000)
  to   space 21824K,   0% used [0x00000007a5560000, 0x00000007a5560000, 0x00000007a6ab0000)
 concurrent mark-sweep generation total 393216K, used 0K [0x00000007a8000000, 0x00000007c0000000, 0x00000007c0000000)
 Metaspace       used 22736K, capacity 23112K, committed 23416K, reserved 1069056K
  class space    used 2695K, capacity 2827K, committed 2940K, reserved 1048576K
2016-10-23T21:59:47.432+0800: 6.398: [GC (Allocation Failure) 2016-10-23T21:59:47.432+0800: 6.398: [ParNew
Desired survivor size 20112992 bytes, new threshold 8 (max 8)
- age   1:    5319936 bytes,    5319936 total
- age   2:    5258472 bytes,   10578408 total
: 98501K->13577K(109248K), 0.0096569 secs] 98501K->13577K(502464K), 0.0097058 secs] [Times: user=0.03 sys=0.00, real=0.01 secs] 
Heap after GC invocations=2 (full 0):
 par new generation   total 109248K, used 13577K [0x00000007a0000000, 0x00000007a8000000, 0x00000007a8000000)
  eden space 87424K,   0% used [0x00000007a0000000, 0x00000007a0000000, 0x00000007a5560000)
  from space 21824K,  62% used [0x00000007a5560000, 0x00000007a62a27c0, 0x00000007a6ab0000)
  to   space 21824K,   0% used [0x00000007a6ab0000, 0x00000007a6ab0000, 0x00000007a8000000)
 concurrent mark-sweep generation total 393216K, used 0K [0x00000007a8000000, 0x00000007c0000000, 0x00000007c0000000)
 Metaspace       used 22736K, capacity 23112K, committed 23416K, reserved 1069056K
  class space    used 2695K, capacity 2827K, committed 2940K, reserved 1048576K
}
2016-10-23T21:59:47.441+0800: 6.408: Total time for which application threads were stopped: 0.0102399 seconds, Stopping threads took: 0.0000120 seconds
2016-10-23T21:59:47.442+0800: 6.408: [GC (CMS Initial Mark) [1 CMS-initial-mark: 0K(393216K)] 14656K(502464K), 0.0019092 secs] [Times: user=0.01 sys=0.00, real=0.00 secs] 
2016-10-23T21:59:47.444+0800: 6.410: Total time for which application threads were stopped: 0.0020487 seconds, Stopping threads took: 0.0000418 seconds
2016-10-23T21:59:47.444+0800: 6.410: [CMS-concurrent-mark-start]
2016-10-23T21:59:47.444+0800: 6.410: [CMS-concurrent-mark: 0.000/0.000 secs] [Times: user=0.00 sys=0.00, real=0.00 secs] 
2016-10-23T21:59:47.444+0800: 6.410: [CMS-concurrent-preclean-start]
2016-10-23T21:59:47.445+0800: 6.411: [CMS-concurrent-preclean: 0.001/0.001 secs] [Times: user=0.00 sys=0.00, real=0.00 secs] 
2016-10-23T21:59:47.445+0800: 6.411: Total time for which application threads were stopped: 0.0000882 seconds, Stopping threads took: 0.0000239 seconds
2016-10-23T21:59:47.445+0800: 6.411: [GC (CMS Final Remark) [YG occupancy: 14656 K (109248 K)]{Heap before GC invocations=2 (full 1):
 par new generation   total 109248K, used 14656K [0x00000007a0000000, 0x00000007a8000000, 0x00000007a8000000)
  eden space 87424K,   1% used [0x00000007a0000000, 0x00000007a010d9d8, 0x00000007a5560000)
  from space 21824K,  62% used [0x00000007a5560000, 0x00000007a62a27c0, 0x00000007a6ab0000)
  to   space 21824K,   0% used [0x00000007a6ab0000, 0x00000007a6ab0000, 0x00000007a8000000)
 concurrent mark-sweep generation total 393216K, used 0K [0x00000007a8000000, 0x00000007c0000000, 0x00000007c0000000)
 Metaspace       used 22736K, capacity 23112K, committed 23416K, reserved 1069056K
  class space    used 2695K, capacity 2827K, committed 2940K, reserved 1048576K
2016-10-23T21:59:47.445+0800: 6.411: [GC (CMS Final Remark) 2016-10-23T21:59:47.445+0800: 6.411: [ParNew
Desired survivor size 20112992 bytes, new threshold 8 (max 8)
- age   1:       1896 bytes,       1896 total
- age   2:    2273160 bytes,    2275056 total
- age   3:    5256304 bytes,    7531360 total
: 14656K->9749K(109248K), 0.0052481 secs] 14656K->9749K(502464K), 0.0052773 secs] [Times: user=0.02 sys=0.00, real=0.01 secs] 
Heap after GC invocations=3 (full 1):
 par new generation   total 109248K, used 9749K [0x00000007a0000000, 0x00000007a8000000, 0x00000007a8000000)
  eden space 87424K,   0% used [0x00000007a0000000, 0x00000007a0000000, 0x00000007a5560000)
  from space 21824K,  44% used [0x00000007a6ab0000, 0x00000007a7435618, 0x00000007a8000000)
  to   space 21824K,   0% used [0x00000007a5560000, 0x00000007a5560000, 0x00000007a6ab0000)
 concurrent mark-sweep generation total 393216K, used 0K [0x00000007a8000000, 0x00000007c0000000, 0x00000007c0000000)
 Metaspace       used 22736K, capacity 23112K, committed 23416K, reserved 1069056K
  class space    used 2695K, capacity 2827K, committed 2940K, reserved 1048576K
}
2016-10-23T21:59:47.451+0800: 6.417: [Rescan (parallel) , 0.0018442 secs]2016-10-23T21:59:47.453+0800: 6.419: [weak refs processing, 0.0008942 secs]2016-10-23T21:59:47.454+0800: 6.420: [class unloading, 0.0026735 secs]2016-10-23T21:59:47.456+0800: 6.422: [scrub symbol table, 0.0025132 secs]2016-10-23T21:59:47.459+0800: 6.425: [scrub string table, 0.0002122 secs][1 CMS-remark: 0K(393216K)] 9749K(502464K), 0.0143997 secs] [Times: user=0.03 sys=0.01, real=0.02 secs] 
2016-10-23T21:59:47.460+0800: 6.426: Total time for which application threads were stopped: 0.0145520 seconds, Stopping threads took: 0.0000785 seconds
2016-10-23T21:59:47.460+0800: 6.426: [CMS-concurrent-sweep-start]
2016-10-23T21:59:47.460+0800: 6.426: Total time for which application threads were stopped: 0.0000833 seconds, Stopping threads took: 0.0000237 seconds
2016-10-23T21:59:47.460+0800: 6.426: [CMS-concurrent-sweep: 0.000/0.000 secs] [Times: user=0.00 sys=0.00, real=0.00 secs] 
2016-10-23T21:59:47.460+0800: 6.426: Total time for which application threads were stopped: 0.0000653 seconds, Stopping threads took: 0.0000162 seconds
2016-10-23T21:59:47.460+0800: 6.426: [CMS-concurrent-reset-start]
2016-10-23T21:59:47.461+0800: 6.427: Total time for which application threads were stopped: 0.0000525 seconds, Stopping threads took: 0.0000186 seconds
2016-10-23T21:59:47.463+0800: 6.429: [CMS-concurrent-reset: 0.003/0.003 secs] [Times: user=0.01 sys=0.00, real=0.00 secs] 
2016-10-23T21:59:47.573+0800: 6.539: Total time for which application threads were stopped: 0.0001371 seconds, Stopping threads took: 0.0000164 seconds
{Heap before GC invocations=3 (full 1):
 par new generation   total 109248K, used 97173K [0x00000007a0000000, 0x00000007a8000000, 0x00000007a8000000)
  eden space 87424K, 100% used [0x00000007a0000000, 0x00000007a5560000, 0x00000007a5560000)
  from space 21824K,  44% used [0x00000007a6ab0000, 0x00000007a7435618, 0x00000007a8000000)
  to   space 21824K,   0% used [0x00000007a5560000, 0x00000007a5560000, 0x00000007a6ab0000)
 concurrent mark-sweep generation total 393216K, used 0K [0x00000007a8000000, 0x00000007c0000000, 0x00000007c0000000)
 Metaspace       used 23723K, capacity 24172K, committed 24568K, reserved 1071104K
  class space    used 2827K, capacity 2961K, committed 3068K, reserved 1048576K
2016-10-23T21:59:47.625+0800: 6.591: [GC (Allocation Failure) 2016-10-23T21:59:47.625+0800: 6.591: [ParNew
Desired survivor size 20112992 bytes, new threshold 8 (max 8)
- age   1:    1248680 bytes,    1248680 total
- age   2:        424 bytes,    1249104 total
- age   3:    2234464 bytes,    3483568 total
- age   4:    5250696 bytes,    8734264 total
: 97173K->11414K(109248K), 0.0061325 secs] 97173K->11414K(502464K), 0.0061895 secs] [Times: user=0.02 sys=0.00, real=0.01 secs] 
Heap after GC invocations=4 (full 1):
 par new generation   total 109248K, used 11414K [0x00000007a0000000, 0x00000007a8000000, 0x00000007a8000000)
  eden space 87424K,   0% used [0x00000007a0000000, 0x00000007a0000000, 0x00000007a5560000)
  from space 21824K,  52% used [0x00000007a5560000, 0x00000007a6085b48, 0x00000007a6ab0000)
  to   space 21824K,   0% used [0x00000007a6ab0000, 0x00000007a6ab0000, 0x00000007a8000000)
 concurrent mark-sweep generation total 393216K, used 0K [0x00000007a8000000, 0x00000007c0000000, 0x00000007c0000000)
 Metaspace       used 23723K, capacity 24172K, committed 24568K, reserved 1071104K
  class space    used 2827K, capacity 2961K, committed 3068K, reserved 1048576K
}
2016-10-23T21:59:47.631+0800: 6.597: Total time for which application threads were stopped: 0.0063509 seconds, Stopping threads took: 0.0000255 seconds
2016-10-23T21:59:47.785+0800: 6.751: Total time for which application threads were stopped: 0.0003651 seconds, Stopping threads took: 0.0000357 seconds
2016-10-23T21:59:47.818+0800: 6.784: Total time for which application threads were stopped: 0.0000992 seconds, Stopping threads took: 0.0000161 seconds
2016-10-23T21:59:47.896+0800: 6.863: Total time for which application threads were stopped: 0.0003752 seconds, Stopping threads took: 0.0000165 seconds
2016-10-23T21:59:47.905+0800: 6.871: Total time for which application threads were stopped: 0.0003109 seconds, Stopping threads took: 0.0000250 seconds
2016-10-23T21:59:47.968+0800: 6.934: Total time for which application threads were stopped: 0.0001340 seconds, Stopping threads took: 0.0000142 seconds
2016-10-23T21:59:47.968+0800: 6.934: Total time for which application threads were stopped: 0.0000836 seconds, Stopping threads took: 0.0000183 seconds
2016-10-23T21:59:47.968+0800: 6.935: Total time for which application threads were stopped: 0.0000622 seconds, Stopping threads took: 0.0000106 seconds
2016-10-23T21:59:47.972+0800: 6.938: Total time for which application threads were stopped: 0.0000813 seconds, Stopping threads took: 0.0000343 seconds
{Heap before GC invocations=4 (full 1):
 par new generation   total 109248K, used 98838K [0x00000007a0000000, 0x00000007a8000000, 0x00000007a8000000)
  eden space 87424K, 100% used [0x00000007a0000000, 0x00000007a5560000, 0x00000007a5560000)
  from space 21824K,  52% used [0x00000007a5560000, 0x00000007a6085b48, 0x00000007a6ab0000)
  to   space 21824K,   0% used [0x00000007a6ab0000, 0x00000007a6ab0000, 0x00000007a8000000)
 concurrent mark-sweep generation total 393216K, used 0K [0x00000007a8000000, 0x00000007c0000000, 0x00000007c0000000)
 Metaspace       used 26951K, capacity 27398K, committed 27768K, reserved 1073152K
  class space    used 3245K, capacity 3398K, committed 3452K, reserved 1048576K
2016-10-23T21:59:48.002+0800: 6.968: [GC (Allocation Failure) 2016-10-23T21:59:48.002+0800: 6.968: [ParNew
Desired survivor size 20112992 bytes, new threshold 8 (max 8)
- age   1:    3739160 bytes,    3739160 total
- age   2:     387584 bytes,    4126744 total
- age   3:        400 bytes,    4127144 total
- age   4:    1497888 bytes,    5625032 total
- age   5:    5247928 bytes,   10872960 total
: 98838K->11649K(109248K), 0.0071537 secs] 98838K->11649K(502464K), 0.0072104 secs] [Times: user=0.02 sys=0.00, real=0.00 secs] 
Heap after GC invocations=5 (full 1):
 par new generation   total 109248K, used 11649K [0x00000007a0000000, 0x00000007a8000000, 0x00000007a8000000)
  eden space 87424K,   0% used [0x00000007a0000000, 0x00000007a0000000, 0x00000007a5560000)
  from space 21824K,  53% used [0x00000007a6ab0000, 0x00000007a7610668, 0x00000007a8000000)
  to   space 21824K,   0% used [0x00000007a5560000, 0x00000007a5560000, 0x00000007a6ab0000)
 concurrent mark-sweep generation total 393216K, used 0K [0x00000007a8000000, 0x00000007c0000000, 0x00000007c0000000)
 Metaspace       used 26951K, capacity 27398K, committed 27768K, reserved 1073152K
  class space    used 3245K, capacity 3398K, committed 3452K, reserved 1048576K
}
2016-10-23T21:59:48.009+0800: 6.976: Total time for which application threads were stopped: 0.0073451 seconds, Stopping threads took: 0.0000150 seconds
2016-10-23T21:59:48.148+0800: 7.114: Total time for which application threads were stopped: 0.0001738 seconds, Stopping threads took: 0.0000197 seconds
2016-10-23T21:59:48.322+0800: 7.288: Total time for which application threads were stopped: 0.0003722 seconds, Stopping threads took: 0.0000184 seconds
2016-10-23T21:59:48.400+0800: 7.367: Total time for which application threads were stopped: 0.0001280 seconds, Stopping threads took: 0.0000439 seconds
2016-10-23T21:59:48.402+0800: 7.368: Total time for which application threads were stopped: 0.0000947 seconds, Stopping threads took: 0.0000379 seconds
2016-10-23T21:59:48.404+0800: 7.370: Total time for which application threads were stopped: 0.0000743 seconds, Stopping threads took: 0.0000247 seconds
2016-10-23T21:59:48.405+0800: 7.371: Total time for which application threads were stopped: 0.0000674 seconds, Stopping threads took: 0.0000230 seconds
2016-10-23T21:59:48.408+0800: 7.374: Total time for which application threads were stopped: 0.0000622 seconds, Stopping threads took: 0.0000129 seconds
2016-10-23T21:59:48.408+0800: 7.374: Total time for which application threads were stopped: 0.0000862 seconds, Stopping threads took: 0.0000297 seconds
2016-10-23T21:59:48.409+0800: 7.376: Total time for which application threads were stopped: 0.0000502 seconds, Stopping threads took: 0.0000125 seconds
2016-10-23T21:59:48.410+0800: 7.376: Total time for which application threads were stopped: 0.0000397 seconds, Stopping threads took: 0.0000093 seconds
2016-10-23T21:59:48.411+0800: 7.378: Total time for which application threads were stopped: 0.0000656 seconds, Stopping threads took: 0.0000117 seconds
2016-10-23T21:59:48.412+0800: 7.378: Total time for which application threads were stopped: 0.0000559 seconds, Stopping threads took: 0.0000233 seconds
2016-10-23T21:59:48.416+0800: 7.382: Total time for which application threads were stopped: 0.0000664 seconds, Stopping threads took: 0.0000135 seconds
2016-10-23T21:59:48.417+0800: 7.383: Total time for which application threads were stopped: 0.0000502 seconds, Stopping threads took: 0.0000105 seconds
2016-10-23T21:59:48.422+0800: 7.388: Total time for which application threads were stopped: 0.0001924 seconds, Stopping threads took: 0.0001371 seconds
2016-10-23T21:59:48.423+0800: 7.389: Total time for which application threads were stopped: 0.0000570 seconds, Stopping threads took: 0.0000089 seconds
2016-10-23T21:59:48.423+0800: 7.390: Total time for which application threads were stopped: 0.0003515 seconds, Stopping threads took: 0.0003096 seconds
2016-10-23T21:59:48.424+0800: 7.390: Total time for which application threads were stopped: 0.0000716 seconds, Stopping threads took: 0.0000218 seconds
2016-10-23T21:59:48.426+0800: 7.392: Total time for which application threads were stopped: 0.0001020 seconds, Stopping threads took: 0.0000529 seconds
2016-10-23T21:59:48.426+0800: 7.393: Total time for which application threads were stopped: 0.0000484 seconds, Stopping threads took: 0.0000091 seconds
2016-10-23T21:59:48.427+0800: 7.393: Total time for which application threads were stopped: 0.0001280 seconds, Stopping threads took: 0.0000352 seconds
2016-10-23T21:59:48.437+0800: 7.403: Total time for which application threads were stopped: 0.0000900 seconds, Stopping threads took: 0.0000137 seconds
2016-10-23T21:59:49.442+0800: 8.409: Total time for which application threads were stopped: 0.0002485 seconds, Stopping threads took: 0.0000688 seconds
{Heap before GC invocations=5 (full 1):
 par new generation   total 109248K, used 99073K [0x00000007a0000000, 0x00000007a8000000, 0x00000007a8000000)
  eden space 87424K, 100% used [0x00000007a0000000, 0x00000007a5560000, 0x00000007a5560000)
  from space 21824K,  53% used [0x00000007a6ab0000, 0x00000007a7610668, 0x00000007a8000000)
  to   space 21824K,   0% used [0x00000007a5560000, 0x00000007a5560000, 0x00000007a6ab0000)
 concurrent mark-sweep generation total 393216K, used 0K [0x00000007a8000000, 0x00000007c0000000, 0x00000007c0000000)
 Metaspace       used 31728K, capacity 32178K, committed 32760K, reserved 1077248K
  class space    used 3842K, capacity 3988K, committed 4092K, reserved 1048576K
2016-10-23T22:00:13.428+0800: 32.395: [GC (Allocation Failure) 2016-10-23T22:00:13.428+0800: 32.395: [ParNew
Desired survivor size 20112992 bytes, new threshold 8 (max 8)
- age   1:    9583400 bytes,    9583400 total
- age   2:    1205672 bytes,   10789072 total
- age   3:     360232 bytes,   11149304 total
- age   4:        400 bytes,   11149704 total
- age   5:    1449672 bytes,   12599376 total
- age   6:    5188392 bytes,   17787768 total
: 99073K->21824K(109248K), 0.0132358 secs] 99073K->21824K(502464K), 0.0133227 secs] [Times: user=0.04 sys=0.00, real=0.02 secs] 
Heap after GC invocations=6 (full 1):
 par new generation   total 109248K, used 21824K [0x00000007a0000000, 0x00000007a8000000, 0x00000007a8000000)
  eden space 87424K,   0% used [0x00000007a0000000, 0x00000007a0000000, 0x00000007a5560000)
  from space 21824K, 100% used [0x00000007a5560000, 0x00000007a6ab0000, 0x00000007a6ab0000)
  to   space 21824K,   0% used [0x00000007a6ab0000, 0x00000007a6ab0000, 0x00000007a8000000)
 concurrent mark-sweep generation total 393216K, used 0K [0x00000007a8000000, 0x00000007c0000000, 0x00000007c0000000)
 Metaspace       used 31728K, capacity 32178K, committed 32760K, reserved 1077248K
  class space    used 3842K, capacity 3988K, committed 4092K, reserved 1048576K
}
2016-10-23T22:00:13.442+0800: 32.408: Total time for which application threads were stopped: 0.0135219 seconds, Stopping threads took: 0.0000306 seconds
2016-10-23T22:00:47.026+0800: 65.994: Total time for which application threads were stopped: 0.0001116 seconds, Stopping threads took: 0.0000312 seconds
2016-10-23T22:01:05.259+0800: 84.228: Total time for which application threads were stopped: 0.0001473 seconds, Stopping threads took: 0.0000224 seconds
2016-10-23T22:01:05.269+0800: 84.238: Total time for which application threads were stopped: 0.0000597 seconds, Stopping threads took: 0.0000142 seconds
2016-10-23T22:01:05.269+0800: 84.238: Total time for which application threads were stopped: 0.0000289 seconds, Stopping threads took: 0.0000057 seconds
2016-10-23T22:01:05.270+0800: 84.238: Total time for which application threads were stopped: 0.0000275 seconds, Stopping threads took: 0.0000055 seconds
2016-10-23T22:01:05.274+0800: 84.242: Total time for which application threads were stopped: 0.0000396 seconds, Stopping threads took: 0.0000091 seconds
2016-10-23T22:01:06.278+0800: 85.246: Total time for which application threads were stopped: 0.0001417 seconds, Stopping threads took: 0.0000776 seconds
2016-10-23T22:01:08.278+0800: 87.247: Total time for which application threads were stopped: 0.0001277 seconds, Stopping threads took: 0.0000737 seconds
2016-10-23T22:01:10.950+0800: 89.919: Total time for which application threads were stopped: 0.0000686 seconds, Stopping threads took: 0.0000252 seconds
2016-10-23T22:01:10.951+0800: 89.919: Total time for which application threads were stopped: 0.0000448 seconds, Stopping threads took: 0.0000084 seconds
2016-10-23T22:01:10.951+0800: 89.919: Total time for which application threads were stopped: 0.0000409 seconds, Stopping threads took: 0.0000063 seconds
2016-10-23T22:01:10.951+0800: 89.920: Total time for which application threads were stopped: 0.0000424 seconds, Stopping threads took: 0.0000075 seconds
2016-10-23T22:01:10.951+0800: 89.920: Total time for which application threads were stopped: 0.0000412 seconds, Stopping threads took: 0.0000068 seconds
2016-10-23T22:01:10.952+0800: 89.920: Total time for which application threads were stopped: 0.0000408 seconds, Stopping threads took: 0.0000067 seconds
2016-10-23T22:01:11.954+0800: 90.923: Total time for which application threads were stopped: 0.0002199 seconds, Stopping threads took: 0.0000530 seconds
2016-10-23T22:01:15.969+0800: 94.937: Total time for which application threads were stopped: 0.0002084 seconds, Stopping threads took: 0.0000552 seconds
2016-10-23T22:02:16.130+0800: 155.101: Total time for which application threads were stopped: 0.0002102 seconds, Stopping threads took: 0.0000571 seconds
2016-10-23T22:03:12.307+0800: 211.279: Total time for which application threads were stopped: 0.0002772 seconds, Stopping threads took: 0.0000645 seconds
2016-10-23T22:03:26.353+0800: 225.325: Total time for which application threads were stopped: 0.0001094 seconds, Stopping threads took: 0.0000300 seconds
2016-10-23T22:05:12.633+0800: 331.609: Total time for which application threads were stopped: 0.0002075 seconds, Stopping threads took: 0.0000588 seconds
2016-10-23T22:05:35.699+0800: 354.676: Total time for which application threads were stopped: 0.0001253 seconds, Stopping threads took: 0.0000343 seconds
2016-10-23T22:15:0